<?xml version="1.0" encoding="UTF-8"?>
<coverage generated="1762692700677" clover="3.2.0">
  <project timestamp="1762692700677" name="All files">
    <metrics statements="109" coveredstatements="90" conditionals="81" coveredconditionals="49" methods="23" coveredmethods="20" elements="213" coveredelements="159" complexity="0" loc="109" ncloc="109" packages="1" files="5" classes="5"/>
    <file name="applyBanked.ts" path="C:\Users\asus\OneDrive\Desktop\FuelEU Maritime\backend\src\core\application\applyBanked.ts">
      <metrics statements="9" coveredstatements="7" conditionals="8" coveredconditionals="6" methods="1" coveredmethods="1"/>
      <line num="9" count="1" type="stmt"/>
      <line num="10" count="2" type="cond" truecount="3" falsecount="1"/>
      <line num="11" count="0" type="stmt"/>
      <line num="13" count="2" type="cond" truecount="3" falsecount="1"/>
      <line num="15" count="0" type="stmt"/>
      <line num="18" count="2" type="stmt"/>
      <line num="19" count="2" type="stmt"/>
      <line num="20" count="2" type="stmt"/>
      <line num="22" count="2" type="stmt"/>
    </file>
    <file name="banking.ts" path="C:\Users\asus\OneDrive\Desktop\FuelEU Maritime\backend\src\core\application\banking.ts">
      <metrics statements="28" coveredstatements="14" conditionals="27" coveredconditionals="9" methods="3" coveredmethods="2"/>
      <line num="15" count="1" type="stmt"/>
      <line num="21" count="2" type="cond" truecount="1" falsecount="1"/>
      <line num="22" count="2" type="cond" truecount="1" falsecount="1"/>
      <line num="23" count="2" type="cond" truecount="3" falsecount="1"/>
      <line num="24" count="0" type="stmt"/>
      <line num="27" count="2" type="stmt"/>
      <line num="28" count="2" type="cond" truecount="1" falsecount="1"/>
      <line num="29" count="0" type="stmt"/>
      <line num="31" count="2" type="cond" truecount="2" falsecount="0"/>
      <line num="32" count="1" type="stmt"/>
      <line num="35" count="1" type="stmt"/>
      <line num="36" count="1" type="stmt"/>
      <line num="37" count="1" type="stmt"/>
      <line num="45" count="1" type="stmt"/>
      <line num="50" count="0" type="cond" truecount="0" falsecount="2"/>
      <line num="51" count="0" type="cond" truecount="0" falsecount="4"/>
      <line num="52" count="0" type="stmt"/>
      <line num="54" count="0" type="cond" truecount="0" falsecount="4"/>
      <line num="55" count="0" type="stmt"/>
      <line num="57" count="0" type="stmt"/>
      <line num="59" count="0" type="cond" truecount="0" falsecount="2"/>
      <line num="60" count="0" type="stmt"/>
      <line num="62" count="0" type="cond" truecount="0" falsecount="2"/>
      <line num="63" count="0" type="stmt"/>
      <line num="66" count="0" type="stmt"/>
      <line num="67" count="0" type="stmt"/>
      <line num="75" count="1" type="stmt"/>
      <line num="76" count="1" type="stmt"/>
    </file>
    <file name="computeCB.ts" path="C:\Users\asus\OneDrive\Desktop\FuelEU Maritime\backend\src\core\application\computeCB.ts">
      <metrics statements="11" coveredstatements="11" conditionals="8" coveredconditionals="8" methods="1" coveredmethods="1"/>
      <line num="13" count="1" type="stmt"/>
      <line num="14" count="1" type="stmt"/>
      <line num="15" count="1" type="stmt"/>
      <line num="22" count="4" type="cond" truecount="4" falsecount="0"/>
      <line num="23" count="1" type="stmt"/>
      <line num="25" count="3" type="cond" truecount="4" falsecount="0"/>
      <line num="26" count="1" type="stmt"/>
      <line num="29" count="2" type="stmt"/>
      <line num="30" count="2" type="stmt"/>
      <line num="31" count="2" type="stmt"/>
      <line num="32" count="2" type="stmt"/>
    </file>
    <file name="computeComparison.ts" path="C:\Users\asus\OneDrive\Desktop\FuelEU Maritime\backend\src\core\application\computeComparison.ts">
      <metrics statements="8" coveredstatements="7" conditionals="6" coveredconditionals="5" methods="0" coveredmethods="0"/>
      <line num="10" count="1" type="stmt"/>
      <line num="16" count="2" type="cond" truecount="4" falsecount="0"/>
      <line num="17" count="1" type="stmt"/>
      <line num="19" count="1" type="cond" truecount="1" falsecount="1"/>
      <line num="20" count="0" type="stmt"/>
      <line num="23" count="1" type="stmt"/>
      <line num="26" count="1" type="stmt"/>
      <line num="27" count="1" type="stmt"/>
    </file>
    <file name="pooling.ts" path="C:\Users\asus\OneDrive\Desktop\FuelEU Maritime\backend\src\core\application\pooling.ts">
      <metrics statements="53" coveredstatements="51" conditionals="32" coveredconditionals="21" methods="18" coveredmethods="16"/>
      <line num="21" count="1" type="stmt"/>
      <line num="23" count="3" type="stmt"/>
      <line num="24" count="3" type="stmt"/>
      <line num="25" count="3" type="cond" truecount="1" falsecount="1"/>
      <line num="26" count="3" type="stmt"/>
      <line num="28" count="0" type="stmt"/>
      <line num="29" count="0" type="stmt"/>
      <line num="33" count="8" type="cond" truecount="1" falsecount="1"/>
      <line num="34" count="8" type="stmt"/>
      <line num="35" count="3" type="stmt"/>
      <line num="38" count="8" type="stmt"/>
      <line num="43" count="3" type="cond" truecount="2" falsecount="0"/>
      <line num="45" count="2" type="stmt"/>
      <line num="47" count="1" type="stmt"/>
      <line num="51" count="2" type="stmt"/>
      <line num="52" count="6" type="stmt"/>
      <line num="53" count="2" type="stmt"/>
      <line num="54" count="2" type="stmt"/>
      <line num="55" count="6" type="stmt"/>
      <line num="56" count="4" type="stmt"/>
      <line num="59" count="2" type="stmt"/>
      <line num="61" count="2" type="stmt"/>
      <line num="64" count="2" type="stmt"/>
      <line num="65" count="6" type="stmt"/>
      <line num="68" count="2" type="stmt"/>
      <line num="69" count="2" type="cond" truecount="1" falsecount="1"/>
      <line num="71" count="2" type="cond" truecount="1" falsecount="1"/>
      <line num="73" count="2" type="stmt"/>
      <line num="74" count="4" type="cond" truecount="1" falsecount="1"/>
      <line num="75" count="4" type="cond" truecount="1" falsecount="1"/>
      <line num="77" count="4" type="stmt"/>
      <line num="78" count="4" type="stmt"/>
      <line num="79" count="4" type="cond" truecount="1" falsecount="1"/>
      <line num="82" count="4" type="stmt"/>
      <line num="83" count="4" type="stmt"/>
      <line num="84" count="4" type="stmt"/>
      <line num="85" count="4" type="cond" truecount="2" falsecount="0"/>
      <line num="90" count="6" type="stmt"/>
      <line num="97" count="2" type="stmt"/>
      <line num="98" count="6" type="cond" truecount="2" falsecount="0"/>
      <line num="99" count="2" type="stmt"/>
      <line num="101" count="4" type="stmt"/>
      <line num="105" count="2" type="stmt"/>
      <line num="106" count="6" type="cond" truecount="2" falsecount="0"/>
      <line num="107" count="4" type="stmt"/>
      <line num="109" count="2" type="stmt"/>
      <line num="112" count="2" type="cond" truecount="3" falsecount="0"/>
      <line num="114" count="2" type="cond" truecount="1" falsecount="3"/>
      <line num="117" count="2" type="stmt"/>
      <line num="122" count="6" type="stmt"/>
      <line num="124" count="2" type="stmt"/>
      <line num="128" count="23" type="stmt"/>
      <line num="129" count="23" type="stmt"/>
    </file>
  </project>
</coverage>
