{"C:\\Users\\asus\\OneDrive\\Desktop\\FuelEU Maritime\\backend\\src\\adapters\\inbound\\http\\app.ts": {"path":"C:\\Users\\asus\\OneDrive\\Desktop\\FuelEU Maritime\\backend\\src\\adapters\\inbound\\http\\app.ts","statementMap":{"0":{"start":{"line":2,"column":0},"end":{"line":2,"column":30}},"1":{"start":{"line":3,"column":0},"end":{"line":3,"column":35}},"2":{"start":{"line":4,"column":0},"end":{"line":4,"column":50}},"3":{"start":{"line":5,"column":0},"end":{"line":5,"column":58}},"4":{"start":{"line":6,"column":0},"end":{"line":6,"column":52}},"5":{"start":{"line":7,"column":0},"end":{"line":7,"column":48}},"6":{"start":{"line":8,"column":0},"end":{"line":8,"column":57}},"7":{"start":{"line":10,"column":13},"end":{"line":10,"column":29}},"8":{"start":{"line":11,"column":0},"end":{"line":11,"column":16}},"9":{"start":{"line":12,"column":0},"end":{"line":12,"column":62}},"10":{"start":{"line":12,"column":34},"end":{"line":12,"column":60}},"11":{"start":{"line":14,"column":0},"end":{"line":14,"column":33}},"12":{"start":{"line":15,"column":0},"end":{"line":15,"column":41}},"13":{"start":{"line":16,"column":0},"end":{"line":16,"column":35}},"14":{"start":{"line":17,"column":0},"end":{"line":17,"column":31}},"15":{"start":{"line":20,"column":0},"end":{"line":20,"column":22}}},"fnMap":{"0":{"name":"(anonymous_1)","decl":{"start":{"line":12,"column":19},"end":{"line":12,"column":20}},"loc":{"start":{"line":12,"column":34},"end":{"line":12,"column":60}}}},"branchMap":{},"s":{"0":1,"1":1,"2":1,"3":1,"4":1,"5":1,"6":1,"7":1,"8":1,"9":1,"10":0,"11":1,"12":1,"13":1,"14":1,"15":1},"f":{"0":0},"b":{}}
,"C:\\Users\\asus\\OneDrive\\Desktop\\FuelEU Maritime\\backend\\src\\adapters\\inbound\\http\\bankingController.ts": {"path":"C:\\Users\\asus\\OneDrive\\Desktop\\FuelEU Maritime\\backend\\src\\adapters\\inbound\\http\\bankingController.ts","statementMap":{"0":{"start":{"line":2,"column":0},"end":{"line":2,"column":30}},"1":{"start":{"line":3,"column":0},"end":{"line":3,"column":94}},"2":{"start":{"line":4,"column":0},"end":{"line":4,"column":100}},"3":{"start":{"line":8,"column":13},"end":{"line":8,"column":46}},"4":{"start":{"line":9,"column":20},"end":{"line":9,"column":51}},"5":{"start":{"line":10,"column":23},"end":{"line":10,"column":57}},"6":{"start":{"line":13,"column":0},"end":{"line":25,"column":3}},"7":{"start":{"line":14,"column":2},"end":{"line":24,"column":3}},"8":{"start":{"line":15,"column":19},"end":{"line":15,"column":43}},"9":{"start":{"line":16,"column":17},"end":{"line":16,"column":39}},"10":{"start":{"line":17,"column":4},"end":{"line":17,"column":106}},"11":{"start":{"line":17,"column":39},"end":{"line":17,"column":106}},"12":{"start":{"line":19,"column":19},"end":{"line":19,"column":66}},"13":{"start":{"line":20,"column":23},"end":{"line":20,"column":71}},"14":{"start":{"line":21,"column":4},"end":{"line":21,"column":37}},"15":{"start":{"line":23,"column":4},"end":{"line":23,"column":14}},"16":{"start":{"line":28,"column":0},"end":{"line":51,"column":3}},"17":{"start":{"line":29,"column":2},"end":{"line":50,"column":3}},"18":{"start":{"line":30,"column":37},"end":{"line":30,"column":45}},"19":{"start":{"line":31,"column":4},"end":{"line":31,"column":126}},"20":{"start":{"line":31,"column":54},"end":{"line":31,"column":126}},"21":{"start":{"line":34,"column":21},"end":{"line":34,"column":69}},"22":{"start":{"line":35,"column":4},"end":{"line":35,"column":110}},"23":{"start":{"line":35,"column":19},"end":{"line":35,"column":110}},"24":{"start":{"line":37,"column":22},"end":{"line":37,"column":45}},"25":{"start":{"line":38,"column":4},"end":{"line":38,"column":87}},"26":{"start":{"line":38,"column":21},"end":{"line":38,"column":87}},"27":{"start":{"line":40,"column":4},"end":{"line":40,"column":98}},"28":{"start":{"line":40,"column":28},"end":{"line":40,"column":98}},"29":{"start":{"line":43,"column":4},"end":{"line":43,"column":75}},"30":{"start":{"line":45,"column":4},"end":{"line":45,"column":97}},"31":{"start":{"line":46,"column":20},"end":{"line":46,"column":68}},"32":{"start":{"line":47,"column":4},"end":{"line":47,"column":99}},"33":{"start":{"line":49,"column":4},"end":{"line":49,"column":14}},"34":{"start":{"line":55,"column":0},"end":{"line":77,"column":3}},"35":{"start":{"line":56,"column":2},"end":{"line":76,"column":3}},"36":{"start":{"line":57,"column":37},"end":{"line":57,"column":45}},"37":{"start":{"line":58,"column":4},"end":{"line":58,"column":126}},"38":{"start":{"line":58,"column":54},"end":{"line":58,"column":126}},"39":{"start":{"line":60,"column":19},"end":{"line":60,"column":66}},"40":{"start":{"line":61,"column":4},"end":{"line":61,"column":99}},"41":{"start":{"line":61,"column":25},"end":{"line":61,"column":99}},"42":{"start":{"line":64,"column":4},"end":{"line":64,"column":64}},"43":{"start":{"line":67,"column":21},"end":{"line":67,"column":69}},"44":{"start":{"line":68,"column":21},"end":{"line":68,"column":50}},"45":{"start":{"line":69,"column":22},"end":{"line":69,"column":58}},"46":{"start":{"line":70,"column":18},"end":{"line":70,"column":41}},"47":{"start":{"line":71,"column":4},"end":{"line":71,"column":81}},"48":{"start":{"line":72,"column":20},"end":{"line":72,"column":68}},"49":{"start":{"line":73,"column":4},"end":{"line":73,"column":102}},"50":{"start":{"line":75,"column":4},"end":{"line":75,"column":14}}},"fnMap":{"0":{"name":"(anonymous_1)","decl":{"start":{"line":13,"column":30},"end":{"line":13,"column":35}},"loc":{"start":{"line":13,"column":55},"end":{"line":25,"column":1}}},"1":{"name":"(anonymous_2)","decl":{"start":{"line":28,"column":28},"end":{"line":28,"column":33}},"loc":{"start":{"line":28,"column":53},"end":{"line":51,"column":1}}},"2":{"name":"(anonymous_3)","decl":{"start":{"line":55,"column":29},"end":{"line":55,"column":34}},"loc":{"start":{"line":55,"column":54},"end":{"line":77,"column":1}}}},"branchMap":{"0":{"loc":{"start":{"line":17,"column":4},"end":{"line":17,"column":106}},"type":"if","locations":[{"start":{"line":17,"column":4},"end":{"line":17,"column":106}},{"start":{},"end":{}}]},"1":{"loc":{"start":{"line":17,"column":8},"end":{"line":17,"column":37}},"type":"binary-expr","locations":[{"start":{"line":17,"column":8},"end":{"line":17,"column":15}},{"start":{"line":17,"column":19},"end":{"line":17,"column":37}}]},"2":{"loc":{"start":{"line":31,"column":4},"end":{"line":31,"column":126}},"type":"if","locations":[{"start":{"line":31,"column":4},"end":{"line":31,"column":126}},{"start":{},"end":{}}]},"3":{"loc":{"start":{"line":31,"column":8},"end":{"line":31,"column":52}},"type":"binary-expr","locations":[{"start":{"line":31,"column":8},"end":{"line":31,"column":15}},{"start":{"line":31,"column":19},"end":{"line":31,"column":24}},{"start":{"line":31,"column":28},"end":{"line":31,"column":52}}]},"4":{"loc":{"start":{"line":35,"column":4},"end":{"line":35,"column":110}},"type":"if","locations":[{"start":{"line":35,"column":4},"end":{"line":35,"column":110}},{"start":{},"end":{}}]},"5":{"loc":{"start":{"line":38,"column":4},"end":{"line":38,"column":87}},"type":"if","locations":[{"start":{"line":38,"column":4},"end":{"line":38,"column":87}},{"start":{},"end":{}}]},"6":{"loc":{"start":{"line":40,"column":4},"end":{"line":40,"column":98}},"type":"if","locations":[{"start":{"line":40,"column":4},"end":{"line":40,"column":98}},{"start":{},"end":{}}]},"7":{"loc":{"start":{"line":47,"column":64},"end":{"line":47,"column":95}},"type":"binary-expr","locations":[{"start":{"line":47,"column":64},"end":{"line":47,"column":87}},{"start":{"line":47,"column":91},"end":{"line":47,"column":95}}]},"8":{"loc":{"start":{"line":58,"column":4},"end":{"line":58,"column":126}},"type":"if","locations":[{"start":{"line":58,"column":4},"end":{"line":58,"column":126}},{"start":{},"end":{}}]},"9":{"loc":{"start":{"line":58,"column":8},"end":{"line":58,"column":52}},"type":"binary-expr","locations":[{"start":{"line":58,"column":8},"end":{"line":58,"column":15}},{"start":{"line":58,"column":19},"end":{"line":58,"column":24}},{"start":{"line":58,"column":28},"end":{"line":58,"column":52}}]},"10":{"loc":{"start":{"line":61,"column":4},"end":{"line":61,"column":99}},"type":"if","locations":[{"start":{"line":61,"column":4},"end":{"line":61,"column":99}},{"start":{},"end":{}}]},"11":{"loc":{"start":{"line":68,"column":21},"end":{"line":68,"column":50}},"type":"binary-expr","locations":[{"start":{"line":68,"column":21},"end":{"line":68,"column":45}},{"start":{"line":68,"column":49},"end":{"line":68,"column":50}}]},"12":{"loc":{"start":{"line":73,"column":66},"end":{"line":73,"column":98}},"type":"binary-expr","locations":[{"start":{"line":73,"column":66},"end":{"line":73,"column":89}},{"start":{"line":73,"column":93},"end":{"line":73,"column":98}}]}},"s":{"0":1,"1":1,"2":1,"3":1,"4":1,"5":1,"6":1,"7":0,"8":0,"9":0,"10":0,"11":0,"12":0,"13":0,"14":0,"15":0,"16":1,"17":0,"18":0,"19":0,"20":0,"21":0,"22":0,"23":0,"24":0,"25":0,"26":0,"27":0,"28":0,"29":0,"30":0,"31":0,"32":0,"33":0,"34":1,"35":0,"36":0,"37":0,"38":0,"39":0,"40":0,"41":0,"42":0,"43":0,"44":0,"45":0,"46":0,"47":0,"48":0,"49":0,"50":0},"f":{"0":0,"1":0,"2":0},"b":{"0":[0,0],"1":[0,0],"2":[0,0],"3":[0,0,0],"4":[0,0],"5":[0,0],"6":[0,0],"7":[0,0],"8":[0,0],"9":[0,0,0],"10":[0,0],"11":[0,0],"12":[0,0]}}
,"C:\\Users\\asus\\OneDrive\\Desktop\\FuelEU Maritime\\backend\\src\\adapters\\inbound\\http\\complianceController.ts": {"path":"C:\\Users\\asus\\OneDrive\\Desktop\\FuelEU Maritime\\backend\\src\\adapters\\inbound\\http\\complianceController.ts","statementMap":{"0":{"start":{"line":2,"column":0},"end":{"line":2,"column":30}},"1":{"start":{"line":3,"column":0},"end":{"line":3,"column":90}},"2":{"start":{"line":4,"column":0},"end":{"line":4,"column":100}},"3":{"start":{"line":5,"column":0},"end":{"line":5,"column":85}},"4":{"start":{"line":7,"column":13},"end":{"line":7,"column":49}},"5":{"start":{"line":8,"column":18},"end":{"line":8,"column":47}},"6":{"start":{"line":9,"column":23},"end":{"line":9,"column":57}},"7":{"start":{"line":12,"column":0},"end":{"line":30,"column":3}},"8":{"start":{"line":13,"column":2},"end":{"line":29,"column":3}},"9":{"start":{"line":14,"column":19},"end":{"line":14,"column":43}},"10":{"start":{"line":15,"column":17},"end":{"line":15,"column":39}},"11":{"start":{"line":16,"column":4},"end":{"line":18,"column":5}},"12":{"start":{"line":17,"column":6},"end":{"line":17,"column":86}},"13":{"start":{"line":19,"column":18},"end":{"line":19,"column":54}},"14":{"start":{"line":20,"column":4},"end":{"line":20,"column":74}},"15":{"start":{"line":20,"column":16},"end":{"line":20,"column":74}},"16":{"start":{"line":22,"column":25},"end":{"line":22,"column":86}},"17":{"start":{"line":24,"column":4},"end":{"line":24,"column":84}},"18":{"start":{"line":25,"column":21},"end":{"line":25,"column":69}},"19":{"start":{"line":26,"column":4},"end":{"line":26,"column":23}},"20":{"start":{"line":28,"column":4},"end":{"line":28,"column":14}}},"fnMap":{"0":{"name":"(anonymous_1)","decl":{"start":{"line":12,"column":28},"end":{"line":12,"column":33}},"loc":{"start":{"line":12,"column":53},"end":{"line":30,"column":1}}}},"branchMap":{"0":{"loc":{"start":{"line":16,"column":4},"end":{"line":18,"column":5}},"type":"if","locations":[{"start":{"line":16,"column":4},"end":{"line":18,"column":5}},{"start":{},"end":{}}]},"1":{"loc":{"start":{"line":16,"column":8},"end":{"line":16,"column":37}},"type":"binary-expr","locations":[{"start":{"line":16,"column":8},"end":{"line":16,"column":15}},{"start":{"line":16,"column":19},"end":{"line":16,"column":37}}]},"2":{"loc":{"start":{"line":20,"column":4},"end":{"line":20,"column":74}},"type":"if","locations":[{"start":{"line":20,"column":4},"end":{"line":20,"column":74}},{"start":{},"end":{}}]}},"s":{"0":1,"1":1,"2":1,"3":1,"4":1,"5":1,"6":1,"7":1,"8":0,"9":0,"10":0,"11":0,"12":0,"13":0,"14":0,"15":0,"16":0,"17":0,"18":0,"19":0,"20":0},"f":{"0":0},"b":{"0":[0,0],"1":[0,0],"2":[0,0]}}
,"C:\\Users\\asus\\OneDrive\\Desktop\\FuelEU Maritime\\backend\\src\\adapters\\inbound\\http\\poolsController.ts": {"path":"C:\\Users\\asus\\OneDrive\\Desktop\\FuelEU Maritime\\backend\\src\\adapters\\inbound\\http\\poolsController.ts","statementMap":{"0":{"start":{"line":2,"column":0},"end":{"line":2,"column":30}},"1":{"start":{"line":3,"column":0},"end":{"line":3,"column":63}},"2":{"start":{"line":4,"column":0},"end":{"line":4,"column":100}},"3":{"start":{"line":5,"column":0},"end":{"line":5,"column":62}},"4":{"start":{"line":7,"column":13},"end":{"line":7,"column":44}},"5":{"start":{"line":8,"column":23},"end":{"line":8,"column":57}},"6":{"start":{"line":11,"column":0},"end":{"line":54,"column":3}},"7":{"start":{"line":12,"column":2},"end":{"line":53,"column":3}},"8":{"start":{"line":13,"column":30},"end":{"line":13,"column":38}},"9":{"start":{"line":14,"column":4},"end":{"line":14,"column":134}},"10":{"start":{"line":14,"column":66},"end":{"line":14,"column":134}},"11":{"start":{"line":16,"column":28},"end":{"line":16,"column":30}},"12":{"start":{"line":17,"column":4},"end":{"line":21,"column":5}},"13":{"start":{"line":18,"column":19},"end":{"line":18,"column":67}},"14":{"start":{"line":19,"column":6},"end":{"line":19,"column":101}},"15":{"start":{"line":19,"column":17},"end":{"line":19,"column":101}},"16":{"start":{"line":20,"column":6},"end":{"line":20,"column":70}},"17":{"start":{"line":23,"column":19},"end":{"line":23,"column":46}},"18":{"start":{"line":25,"column":4},"end":{"line":27,"column":5}},"19":{"start":{"line":26,"column":6},"end":{"line":26,"column":79}},"20":{"start":{"line":30,"column":17},"end":{"line":30,"column":61}},"21":{"start":{"line":31,"column":4},"end":{"line":48,"column":5}},"22":{"start":{"line":32,"column":6},"end":{"line":39,"column":9}},"23":{"start":{"line":41,"column":6},"end":{"line":47,"column":9}},"24":{"start":{"line":50,"column":4},"end":{"line":50,"column":84}},"25":{"start":{"line":52,"column":4},"end":{"line":52,"column":14}}},"fnMap":{"0":{"name":"(anonymous_1)","decl":{"start":{"line":11,"column":22},"end":{"line":11,"column":27}},"loc":{"start":{"line":11,"column":47},"end":{"line":54,"column":1}}}},"branchMap":{"0":{"loc":{"start":{"line":14,"column":4},"end":{"line":14,"column":134}},"type":"if","locations":[{"start":{"line":14,"column":4},"end":{"line":14,"column":134}},{"start":{},"end":{}}]},"1":{"loc":{"start":{"line":14,"column":8},"end":{"line":14,"column":64}},"type":"binary-expr","locations":[{"start":{"line":14,"column":8},"end":{"line":14,"column":13}},{"start":{"line":14,"column":17},"end":{"line":14,"column":40}},{"start":{"line":14,"column":44},"end":{"line":14,"column":64}}]},"2":{"loc":{"start":{"line":19,"column":6},"end":{"line":19,"column":101}},"type":"if","locations":[{"start":{"line":19,"column":6},"end":{"line":19,"column":101}},{"start":{},"end":{}}]},"3":{"loc":{"start":{"line":25,"column":4},"end":{"line":27,"column":5}},"type":"if","locations":[{"start":{"line":25,"column":4},"end":{"line":27,"column":5}},{"start":{},"end":{}}]},"4":{"loc":{"start":{"line":26,"column":43},"end":{"line":26,"column":75}},"type":"binary-expr","locations":[{"start":{"line":26,"column":43},"end":{"line":26,"column":57}},{"start":{"line":26,"column":61},"end":{"line":26,"column":75}}]}},"s":{"0":1,"1":1,"2":1,"3":1,"4":1,"5":1,"6":1,"7":0,"8":0,"9":0,"10":0,"11":0,"12":0,"13":0,"14":0,"15":0,"16":0,"17":0,"18":0,"19":0,"20":0,"21":0,"22":0,"23":0,"24":0,"25":0},"f":{"0":0},"b":{"0":[0,0],"1":[0,0,0],"2":[0,0],"3":[0,0],"4":[0,0]}}
,"C:\\Users\\asus\\OneDrive\\Desktop\\FuelEU Maritime\\backend\\src\\adapters\\inbound\\http\\routesController.ts": {"path":"C:\\Users\\asus\\OneDrive\\Desktop\\FuelEU Maritime\\backend\\src\\adapters\\inbound\\http\\routesController.ts","statementMap":{"0":{"start":{"line":2,"column":0},"end":{"line":2,"column":30}},"1":{"start":{"line":3,"column":0},"end":{"line":3,"column":90}},"2":{"start":{"line":5,"column":13},"end":{"line":5,"column":45}},"3":{"start":{"line":6,"column":13},"end":{"line":6,"column":42}},"4":{"start":{"line":8,"column":0},"end":{"line":15,"column":3}},"5":{"start":{"line":9,"column":2},"end":{"line":14,"column":3}},"6":{"start":{"line":10,"column":19},"end":{"line":10,"column":44}},"7":{"start":{"line":11,"column":4},"end":{"line":11,"column":21}},"8":{"start":{"line":13,"column":4},"end":{"line":13,"column":14}},"9":{"start":{"line":17,"column":0},"end":{"line":25,"column":3}},"10":{"start":{"line":18,"column":2},"end":{"line":24,"column":3}},"11":{"start":{"line":19,"column":24},"end":{"line":19,"column":34}},"12":{"start":{"line":20,"column":20},"end":{"line":20,"column":51}},"13":{"start":{"line":21,"column":4},"end":{"line":21,"column":22}},"14":{"start":{"line":23,"column":4},"end":{"line":23,"column":14}}},"fnMap":{"0":{"name":"(anonymous_1)","decl":{"start":{"line":8,"column":22},"end":{"line":8,"column":27}},"loc":{"start":{"line":8,"column":47},"end":{"line":15,"column":1}}},"1":{"name":"(anonymous_2)","decl":{"start":{"line":17,"column":40},"end":{"line":17,"column":45}},"loc":{"start":{"line":17,"column":65},"end":{"line":25,"column":1}}}},"branchMap":{},"s":{"0":1,"1":1,"2":1,"3":1,"4":1,"5":1,"6":1,"7":1,"8":0,"9":1,"10":0,"11":0,"12":0,"13":0,"14":0},"f":{"0":1,"1":0},"b":{}}
,"C:\\Users\\asus\\OneDrive\\Desktop\\FuelEU Maritime\\backend\\src\\adapters\\inbound\\http\\middleware\\errorHandler.ts": {"path":"C:\\Users\\asus\\OneDrive\\Desktop\\FuelEU Maritime\\backend\\src\\adapters\\inbound\\http\\middleware\\errorHandler.ts","statementMap":{"0":{"start":{"line":4,"column":0},"end":{"line":4,"column":16}},"1":{"start":{"line":6,"column":17},"end":{"line":6,"column":35}},"2":{"start":{"line":7,"column":18},"end":{"line":7,"column":57}},"3":{"start":{"line":10,"column":2},"end":{"line":10,"column":61}},"4":{"start":{"line":11,"column":2},"end":{"line":11,"column":46}}},"fnMap":{"0":{"name":"errorHandler","decl":{"start":{"line":4,"column":16},"end":{"line":4,"column":28}},"loc":{"start":{"line":4,"column":88},"end":{"line":12,"column":1}}}},"branchMap":{"0":{"loc":{"start":{"line":6,"column":17},"end":{"line":6,"column":35}},"type":"binary-expr","locations":[{"start":{"line":6,"column":17},"end":{"line":6,"column":28}},{"start":{"line":6,"column":32},"end":{"line":6,"column":35}}]},"1":{"loc":{"start":{"line":7,"column":18},"end":{"line":7,"column":57}},"type":"binary-expr","locations":[{"start":{"line":7,"column":18},"end":{"line":7,"column":30}},{"start":{"line":7,"column":34},"end":{"line":7,"column":57}}]}},"s":{"0":1,"1":0,"2":0,"3":0,"4":0},"f":{"0":0},"b":{"0":[0,0],"1":[0,0]}}
,"C:\\Users\\asus\\OneDrive\\Desktop\\FuelEU Maritime\\backend\\src\\adapters\\outbound\\postgres\\bankingRepositoryPostgres.ts": {"path":"C:\\Users\\asus\\OneDrive\\Desktop\\FuelEU Maritime\\backend\\src\\adapters\\outbound\\postgres\\bankingRepositoryPostgres.ts","statementMap":{"0":{"start":{"line":2,"column":0},"end":{"line":2,"column":40}},"1":{"start":{"line":8,"column":4},"end":{"line":14,"column":7}},"2":{"start":{"line":18,"column":17},"end":{"line":20,"column":6}},"3":{"start":{"line":21,"column":4},"end":{"line":21,"column":56}},"4":{"start":{"line":21,"column":33},"end":{"line":21,"column":51}},"5":{"start":{"line":26,"column":4},"end":{"line":32,"column":7}},"6":{"start":{"line":6,"column":0},"end":{"line":6,"column":13}}},"fnMap":{"0":{"name":"(anonymous_0)","decl":{"start":{"line":7,"column":2},"end":{"line":7,"column":7}},"loc":{"start":{"line":7,"column":37},"end":{"line":15,"column":3}}},"1":{"name":"(anonymous_1)","decl":{"start":{"line":17,"column":2},"end":{"line":17,"column":7}},"loc":{"start":{"line":17,"column":52},"end":{"line":22,"column":3}}},"2":{"name":"(anonymous_2)","decl":{"start":{"line":21,"column":23},"end":{"line":21,"column":24}},"loc":{"start":{"line":21,"column":33},"end":{"line":21,"column":51}}},"3":{"name":"(anonymous_3)","decl":{"start":{"line":24,"column":2},"end":{"line":24,"column":7}},"loc":{"start":{"line":24,"column":72},"end":{"line":33,"column":3}}}},"branchMap":{},"s":{"0":1,"1":0,"2":0,"3":0,"4":0,"5":0,"6":1},"f":{"0":0,"1":0,"2":0,"3":0},"b":{}}
,"C:\\Users\\asus\\OneDrive\\Desktop\\FuelEU Maritime\\backend\\src\\adapters\\outbound\\postgres\\complianceRepositoryPostgres.ts": {"path":"C:\\Users\\asus\\OneDrive\\Desktop\\FuelEU Maritime\\backend\\src\\adapters\\outbound\\postgres\\complianceRepositoryPostgres.ts","statementMap":{"0":{"start":{"line":3,"column":0},"end":{"line":3,"column":40}},"1":{"start":{"line":8,"column":4},"end":{"line":14,"column":7}},"2":{"start":{"line":18,"column":16},"end":{"line":21,"column":6}},"3":{"start":{"line":22,"column":4},"end":{"line":22,"column":26}},"4":{"start":{"line":22,"column":14},"end":{"line":22,"column":26}},"5":{"start":{"line":23,"column":4},"end":{"line":28,"column":6}},"6":{"start":{"line":6,"column":0},"end":{"line":6,"column":13}}},"fnMap":{"0":{"name":"(anonymous_0)","decl":{"start":{"line":7,"column":2},"end":{"line":7,"column":7}},"loc":{"start":{"line":7,"column":41},"end":{"line":15,"column":3}}},"1":{"name":"(anonymous_1)","decl":{"start":{"line":17,"column":2},"end":{"line":17,"column":7}},"loc":{"start":{"line":17,"column":50},"end":{"line":29,"column":3}}}},"branchMap":{"0":{"loc":{"start":{"line":22,"column":4},"end":{"line":22,"column":26}},"type":"if","locations":[{"start":{"line":22,"column":4},"end":{"line":22,"column":26}},{"start":{},"end":{}}]}},"s":{"0":1,"1":0,"2":0,"3":0,"4":0,"5":0,"6":1},"f":{"0":0,"1":0},"b":{"0":[0,0]}}
,"C:\\Users\\asus\\OneDrive\\Desktop\\FuelEU Maritime\\backend\\src\\adapters\\outbound\\postgres\\prismaClient.ts": {"path":"C:\\Users\\asus\\OneDrive\\Desktop\\FuelEU Maritime\\backend\\src\\adapters\\outbound\\postgres\\prismaClient.ts","statementMap":{"0":{"start":{"line":2,"column":0},"end":{"line":2,"column":46}},"1":{"start":{"line":4,"column":13},"end":{"line":4,"column":41}}},"fnMap":{},"branchMap":{},"s":{"0":1,"1":1},"f":{},"b":{}}
,"C:\\Users\\asus\\OneDrive\\Desktop\\FuelEU Maritime\\backend\\src\\adapters\\outbound\\postgres\\routeRepositoryPostgres.ts": {"path":"C:\\Users\\asus\\OneDrive\\Desktop\\FuelEU Maritime\\backend\\src\\adapters\\outbound\\postgres\\routeRepositoryPostgres.ts","statementMap":{"0":{"start":{"line":4,"column":0},"end":{"line":4,"column":40}},"1":{"start":{"line":8,"column":17},"end":{"line":8,"column":46}},"2":{"start":{"line":10,"column":4},"end":{"line":21,"column":8}},"3":{"start":{"line":10,"column":28},"end":{"line":21,"column":6}},"4":{"start":{"line":25,"column":14},"end":{"line":25,"column":67}},"5":{"start":{"line":26,"column":4},"end":{"line":26,"column":24}},"6":{"start":{"line":26,"column":12},"end":{"line":26,"column":24}},"7":{"start":{"line":27,"column":4},"end":{"line":38,"column":6}},"8":{"start":{"line":43,"column":18},"end":{"line":43,"column":71}},"9":{"start":{"line":44,"column":4},"end":{"line":44,"column":51}},"10":{"start":{"line":44,"column":16},"end":{"line":44,"column":51}},"11":{"start":{"line":46,"column":4},"end":{"line":55,"column":7}},"12":{"start":{"line":56,"column":20},"end":{"line":56,"column":73}},"13":{"start":{"line":57,"column":4},"end":{"line":57,"column":66}},"14":{"start":{"line":57,"column":18},"end":{"line":57,"column":66}},"15":{"start":{"line":58,"column":4},"end":{"line":69,"column":6}},"16":{"start":{"line":6,"column":0},"end":{"line":6,"column":13}}},"fnMap":{"0":{"name":"(anonymous_0)","decl":{"start":{"line":7,"column":2},"end":{"line":7,"column":7}},"loc":{"start":{"line":7,"column":20},"end":{"line":22,"column":3}}},"1":{"name":"(anonymous_1)","decl":{"start":{"line":10,"column":20},"end":{"line":10,"column":21}},"loc":{"start":{"line":10,"column":28},"end":{"line":21,"column":6}}},"2":{"name":"(anonymous_2)","decl":{"start":{"line":24,"column":2},"end":{"line":24,"column":7}},"loc":{"start":{"line":24,"column":36},"end":{"line":39,"column":3}}},"3":{"name":"(anonymous_3)","decl":{"start":{"line":41,"column":2},"end":{"line":41,"column":7}},"loc":{"start":{"line":41,"column":35},"end":{"line":70,"column":3}}}},"branchMap":{"0":{"loc":{"start":{"line":26,"column":4},"end":{"line":26,"column":24}},"type":"if","locations":[{"start":{"line":26,"column":4},"end":{"line":26,"column":24}},{"start":{},"end":{}}]},"1":{"loc":{"start":{"line":44,"column":4},"end":{"line":44,"column":51}},"type":"if","locations":[{"start":{"line":44,"column":4},"end":{"line":44,"column":51}},{"start":{},"end":{}}]},"2":{"loc":{"start":{"line":57,"column":4},"end":{"line":57,"column":66}},"type":"if","locations":[{"start":{"line":57,"column":4},"end":{"line":57,"column":66}},{"start":{},"end":{}}]}},"s":{"0":1,"1":1,"2":1,"3":5,"4":0,"5":0,"6":0,"7":0,"8":0,"9":0,"10":0,"11":0,"12":0,"13":0,"14":0,"15":0,"16":1},"f":{"0":1,"1":5,"2":0,"3":0},"b":{"0":[0,0],"1":[0,0],"2":[0,0]}}
,"C:\\Users\\asus\\OneDrive\\Desktop\\FuelEU Maritime\\backend\\src\\core\\application\\applyBanked.ts": {"path":"C:\\Users\\asus\\OneDrive\\Desktop\\FuelEU Maritime\\backend\\src\\core\\application\\applyBanked.ts","statementMap":{"0":{"start":{"line":9,"column":0},"end":{"line":9,"column":16}},"1":{"start":{"line":10,"column":2},"end":{"line":12,"column":3}},"2":{"start":{"line":11,"column":4},"end":{"line":11,"column":46}},"3":{"start":{"line":13,"column":2},"end":{"line":16,"column":3}},"4":{"start":{"line":15,"column":4},"end":{"line":15,"column":95}},"5":{"start":{"line":18,"column":18},"end":{"line":18,"column":59}},"6":{"start":{"line":19,"column":26},"end":{"line":19,"column":54}},"7":{"start":{"line":20,"column":28},"end":{"line":20,"column":55}},"8":{"start":{"line":22,"column":2},"end":{"line":22,"column":57}}},"fnMap":{"0":{"name":"applyBanked","decl":{"start":{"line":9,"column":16},"end":{"line":9,"column":27}},"loc":{"start":{"line":9,"column":75},"end":{"line":23,"column":1}}}},"branchMap":{"0":{"loc":{"start":{"line":10,"column":2},"end":{"line":12,"column":3}},"type":"if","locations":[{"start":{"line":10,"column":2},"end":{"line":12,"column":3}},{"start":{},"end":{}}]},"1":{"loc":{"start":{"line":10,"column":6},"end":{"line":10,"column":75}},"type":"binary-expr","locations":[{"start":{"line":10,"column":6},"end":{"line":10,"column":39}},{"start":{"line":10,"column":43},"end":{"line":10,"column":75}}]},"2":{"loc":{"start":{"line":13,"column":2},"end":{"line":16,"column":3}},"type":"if","locations":[{"start":{"line":13,"column":2},"end":{"line":16,"column":3}},{"start":{},"end":{}}]},"3":{"loc":{"start":{"line":13,"column":6},"end":{"line":13,"column":48}},"type":"binary-expr","locations":[{"start":{"line":13,"column":6},"end":{"line":13,"column":25}},{"start":{"line":13,"column":29},"end":{"line":13,"column":48}}]}},"s":{"0":1,"1":2,"2":0,"3":2,"4":0,"5":2,"6":2,"7":2,"8":2},"f":{"0":2},"b":{"0":[0,2],"1":[2,2],"2":[0,2],"3":[2,2]}}
,"C:\\Users\\asus\\OneDrive\\Desktop\\FuelEU Maritime\\backend\\src\\core\\application\\banking.ts": {"path":"C:\\Users\\asus\\OneDrive\\Desktop\\FuelEU Maritime\\backend\\src\\core\\application\\banking.ts","statementMap":{"0":{"start":{"line":15,"column":0},"end":{"line":15,"column":16}},"1":{"start":{"line":45,"column":0},"end":{"line":45,"column":16}},"2":{"start":{"line":21,"column":2},"end":{"line":21,"column":49}},"3":{"start":{"line":21,"column":15},"end":{"line":21,"column":49}},"4":{"start":{"line":22,"column":2},"end":{"line":22,"column":76}},"5":{"start":{"line":22,"column":40},"end":{"line":22,"column":76}},"6":{"start":{"line":23,"column":2},"end":{"line":25,"column":3}},"7":{"start":{"line":24,"column":4},"end":{"line":24,"column":62}},"8":{"start":{"line":27,"column":20},"end":{"line":27,"column":34}},"9":{"start":{"line":28,"column":2},"end":{"line":30,"column":3}},"10":{"start":{"line":29,"column":4},"end":{"line":29,"column":52}},"11":{"start":{"line":31,"column":2},"end":{"line":33,"column":3}},"12":{"start":{"line":32,"column":4},"end":{"line":32,"column":63}},"13":{"start":{"line":35,"column":18},"end":{"line":35,"column":55}},"14":{"start":{"line":36,"column":27},"end":{"line":36,"column":77}},"15":{"start":{"line":37,"column":2},"end":{"line":37,"column":28}},"16":{"start":{"line":50,"column":2},"end":{"line":50,"column":53}},"17":{"start":{"line":50,"column":17},"end":{"line":50,"column":53}},"18":{"start":{"line":51,"column":2},"end":{"line":53,"column":3}},"19":{"start":{"line":52,"column":4},"end":{"line":52,"column":53}},"20":{"start":{"line":54,"column":2},"end":{"line":56,"column":3}},"21":{"start":{"line":55,"column":4},"end":{"line":55,"column":44}},"22":{"start":{"line":57,"column":18},"end":{"line":57,"column":41}},"23":{"start":{"line":59,"column":2},"end":{"line":61,"column":3}},"24":{"start":{"line":60,"column":4},"end":{"line":60,"column":83}},"25":{"start":{"line":62,"column":2},"end":{"line":64,"column":3}},"26":{"start":{"line":63,"column":4},"end":{"line":63,"column":70}},"27":{"start":{"line":66,"column":18},"end":{"line":66,"column":68}},"28":{"start":{"line":67,"column":2},"end":{"line":71,"column":4}},"29":{"start":{"line":75,"column":12},"end":{"line":75,"column":32}},"30":{"start":{"line":76,"column":2},"end":{"line":76,"column":31}}},"fnMap":{"0":{"name":"bankSurplus","decl":{"start":{"line":15,"column":16},"end":{"line":15,"column":27}},"loc":{"start":{"line":19,"column":28},"end":{"line":38,"column":1}}},"1":{"name":"applyBanked","decl":{"start":{"line":45,"column":16},"end":{"line":45,"column":27}},"loc":{"start":{"line":48,"column":27},"end":{"line":72,"column":1}}},"2":{"name":"round","decl":{"start":{"line":74,"column":9},"end":{"line":74,"column":14}},"loc":{"start":{"line":74,"column":36},"end":{"line":77,"column":1}}}},"branchMap":{"0":{"loc":{"start":{"line":21,"column":2},"end":{"line":21,"column":49}},"type":"if","locations":[{"start":{"line":21,"column":2},"end":{"line":21,"column":49}},{"start":{},"end":{}}]},"1":{"loc":{"start":{"line":22,"column":2},"end":{"line":22,"column":76}},"type":"if","locations":[{"start":{"line":22,"column":2},"end":{"line":22,"column":76}},{"start":{},"end":{}}]},"2":{"loc":{"start":{"line":23,"column":2},"end":{"line":25,"column":3}},"type":"if","locations":[{"start":{"line":23,"column":2},"end":{"line":25,"column":3}},{"start":{},"end":{}}]},"3":{"loc":{"start":{"line":23,"column":6},"end":{"line":23,"column":69}},"type":"binary-expr","locations":[{"start":{"line":23,"column":6},"end":{"line":23,"column":42}},{"start":{"line":23,"column":46},"end":{"line":23,"column":69}}]},"4":{"loc":{"start":{"line":28,"column":2},"end":{"line":30,"column":3}},"type":"if","locations":[{"start":{"line":28,"column":2},"end":{"line":30,"column":3}},{"start":{},"end":{}}]},"5":{"loc":{"start":{"line":31,"column":2},"end":{"line":33,"column":3}},"type":"if","locations":[{"start":{"line":31,"column":2},"end":{"line":33,"column":3}},{"start":{},"end":{}}]},"6":{"loc":{"start":{"line":50,"column":2},"end":{"line":50,"column":53}},"type":"if","locations":[{"start":{"line":50,"column":2},"end":{"line":50,"column":53}},{"start":{},"end":{}}]},"7":{"loc":{"start":{"line":51,"column":2},"end":{"line":53,"column":3}},"type":"if","locations":[{"start":{"line":51,"column":2},"end":{"line":53,"column":3}},{"start":{},"end":{}}]},"8":{"loc":{"start":{"line":51,"column":6},"end":{"line":51,"column":70}},"type":"binary-expr","locations":[{"start":{"line":51,"column":6},"end":{"line":51,"column":43}},{"start":{"line":51,"column":47},"end":{"line":51,"column":70}}]},"9":{"loc":{"start":{"line":54,"column":2},"end":{"line":56,"column":3}},"type":"if","locations":[{"start":{"line":54,"column":2},"end":{"line":56,"column":3}},{"start":{},"end":{}}]},"10":{"loc":{"start":{"line":54,"column":6},"end":{"line":54,"column":67}},"type":"binary-expr","locations":[{"start":{"line":54,"column":6},"end":{"line":54,"column":41}},{"start":{"line":54,"column":45},"end":{"line":54,"column":67}}]},"11":{"loc":{"start":{"line":59,"column":2},"end":{"line":61,"column":3}},"type":"if","locations":[{"start":{"line":59,"column":2},"end":{"line":61,"column":3}},{"start":{},"end":{}}]},"12":{"loc":{"start":{"line":62,"column":2},"end":{"line":64,"column":3}},"type":"if","locations":[{"start":{"line":62,"column":2},"end":{"line":64,"column":3}},{"start":{},"end":{}}]},"13":{"loc":{"start":{"line":74,"column":26},"end":{"line":74,"column":36}},"type":"default-arg","locations":[{"start":{"line":74,"column":35},"end":{"line":74,"column":36}}]}},"s":{"0":1,"1":1,"2":2,"3":0,"4":2,"5":0,"6":2,"7":0,"8":2,"9":2,"10":0,"11":2,"12":1,"13":1,"14":1,"15":1,"16":0,"17":0,"18":0,"19":0,"20":0,"21":0,"22":0,"23":0,"24":0,"25":0,"26":0,"27":0,"28":0,"29":1,"30":1},"f":{"0":2,"1":0,"2":1},"b":{"0":[0,2],"1":[0,2],"2":[0,2],"3":[2,2],"4":[0,2],"5":[1,1],"6":[0,0],"7":[0,0],"8":[0,0],"9":[0,0],"10":[0,0],"11":[0,0],"12":[0,0],"13":[1]}}
,"C:\\Users\\asus\\OneDrive\\Desktop\\FuelEU Maritime\\backend\\src\\core\\application\\computeCB.ts": {"path":"C:\\Users\\asus\\OneDrive\\Desktop\\FuelEU Maritime\\backend\\src\\core\\application\\computeCB.ts","statementMap":{"0":{"start":{"line":15,"column":0},"end":{"line":15,"column":16}},"1":{"start":{"line":13,"column":13},"end":{"line":13,"column":38}},"2":{"start":{"line":14,"column":13},"end":{"line":14,"column":52}},"3":{"start":{"line":22,"column":2},"end":{"line":24,"column":3}},"4":{"start":{"line":23,"column":4},"end":{"line":23,"column":52}},"5":{"start":{"line":25,"column":2},"end":{"line":27,"column":3}},"6":{"start":{"line":26,"column":4},"end":{"line":26,"column":52}},"7":{"start":{"line":29,"column":19},"end":{"line":29,"column":48}},"8":{"start":{"line":30,"column":18},"end":{"line":30,"column":58}},"9":{"start":{"line":31,"column":19},"end":{"line":31,"column":38}},"10":{"start":{"line":32,"column":2},"end":{"line":32,"column":41}}},"fnMap":{"0":{"name":"computeCB","decl":{"start":{"line":15,"column":16},"end":{"line":15,"column":25}},"loc":{"start":{"line":18,"column":20},"end":{"line":33,"column":1}}}},"branchMap":{"0":{"loc":{"start":{"line":22,"column":2},"end":{"line":24,"column":3}},"type":"if","locations":[{"start":{"line":22,"column":2},"end":{"line":24,"column":3}},{"start":{},"end":{}}]},"1":{"loc":{"start":{"line":22,"column":6},"end":{"line":22,"column":70}},"type":"binary-expr","locations":[{"start":{"line":22,"column":6},"end":{"line":22,"column":36}},{"start":{"line":22,"column":40},"end":{"line":22,"column":70}}]},"2":{"loc":{"start":{"line":25,"column":2},"end":{"line":27,"column":3}},"type":"if","locations":[{"start":{"line":25,"column":2},"end":{"line":27,"column":3}},{"start":{},"end":{}}]},"3":{"loc":{"start":{"line":25,"column":6},"end":{"line":25,"column":53}},"type":"binary-expr","locations":[{"start":{"line":25,"column":6},"end":{"line":25,"column":34}},{"start":{"line":25,"column":38},"end":{"line":25,"column":53}}]}},"s":{"0":2,"1":2,"2":2,"3":4,"4":1,"5":3,"6":1,"7":2,"8":2,"9":2,"10":2},"f":{"0":4},"b":{"0":[1,3],"1":[4,3],"2":[1,2],"3":[3,3]}}
,"C:\\Users\\asus\\OneDrive\\Desktop\\FuelEU Maritime\\backend\\src\\core\\application\\computeComparison.ts": {"path":"C:\\Users\\asus\\OneDrive\\Desktop\\FuelEU Maritime\\backend\\src\\core\\application\\computeComparison.ts","statementMap":{"0":{"start":{"line":10,"column":0},"end":{"line":10,"column":16}},"1":{"start":{"line":16,"column":2},"end":{"line":18,"column":3}},"2":{"start":{"line":17,"column":4},"end":{"line":17,"column":76}},"3":{"start":{"line":19,"column":2},"end":{"line":21,"column":3}},"4":{"start":{"line":20,"column":4},"end":{"line":20,"column":56}},"5":{"start":{"line":23,"column":22},"end":{"line":23,"column":61}},"6":{"start":{"line":26,"column":20},"end":{"line":26,"column":36}},"7":{"start":{"line":27,"column":2},"end":{"line":27,"column":64}}},"fnMap":{},"branchMap":{"0":{"loc":{"start":{"line":16,"column":2},"end":{"line":18,"column":3}},"type":"if","locations":[{"start":{"line":16,"column":2},"end":{"line":18,"column":3}},{"start":{},"end":{}}]},"1":{"loc":{"start":{"line":16,"column":6},"end":{"line":16,"column":56}},"type":"binary-expr","locations":[{"start":{"line":16,"column":6},"end":{"line":16,"column":35}},{"start":{"line":16,"column":39},"end":{"line":16,"column":56}}]},"2":{"loc":{"start":{"line":19,"column":2},"end":{"line":21,"column":3}},"type":"if","locations":[{"start":{"line":19,"column":2},"end":{"line":21,"column":3}},{"start":{},"end":{}}]}},"s":{"0":1,"1":2,"2":1,"3":1,"4":0,"5":1,"6":1,"7":1},"f":{},"b":{"0":[1,1],"1":[2,2],"2":[0,1]}}
,"C:\\Users\\asus\\OneDrive\\Desktop\\FuelEU Maritime\\backend\\src\\core\\application\\pooling.ts": {"path":"C:\\Users\\asus\\OneDrive\\Desktop\\FuelEU Maritime\\backend\\src\\core\\application\\pooling.ts","statementMap":{"0":{"start":{"line":21,"column":0},"end":{"line":21,"column":16}},"1":{"start":{"line":23,"column":13},"end":{"line":23,"column":14}},"2":{"start":{"line":24,"column":82},"end":{"line":24,"column":84}},"3":{"start":{"line":25,"column":2},"end":{"line":30,"column":3}},"4":{"start":{"line":26,"column":4},"end":{"line":26,"column":75}},"5":{"start":{"line":28,"column":4},"end":{"line":28,"column":67}},"6":{"start":{"line":29,"column":4},"end":{"line":29,"column":81}},"7":{"start":{"line":33,"column":23},"end":{"line":33,"column":126}},"8":{"start":{"line":33,"column":56},"end":{"line":33,"column":124}},"9":{"start":{"line":34,"column":14},"end":{"line":34,"column":68}},"10":{"start":{"line":34,"column":44},"end":{"line":34,"column":64}},"11":{"start":{"line":35,"column":21},"end":{"line":41,"column":4}},"12":{"start":{"line":38,"column":38},"end":{"line":38,"column":46}},"13":{"start":{"line":43,"column":2},"end":{"line":48,"column":3}},"14":{"start":{"line":45,"column":4},"end":{"line":45,"column":88}},"15":{"start":{"line":45,"column":44},"end":{"line":45,"column":85}},"16":{"start":{"line":47,"column":4},"end":{"line":47,"column":60}},"17":{"start":{"line":51,"column":34},"end":{"line":53,"column":27}},"18":{"start":{"line":52,"column":19},"end":{"line":52,"column":39}},"19":{"start":{"line":53,"column":17},"end":{"line":53,"column":25}},"20":{"start":{"line":54,"column":33},"end":{"line":56,"column":27}},"21":{"start":{"line":55,"column":19},"end":{"line":55,"column":40}},"22":{"start":{"line":56,"column":17},"end":{"line":56,"column":25}},"23":{"start":{"line":59,"column":2},"end":{"line":59,"column":64}},"24":{"start":{"line":59,"column":27},"end":{"line":59,"column":62}},"25":{"start":{"line":61,"column":2},"end":{"line":61,"column":63}},"26":{"start":{"line":61,"column":26},"end":{"line":61,"column":61}},"27":{"start":{"line":64,"column":19},"end":{"line":64,"column":44}},"28":{"start":{"line":65,"column":2},"end":{"line":65,"column":72}},"29":{"start":{"line":65,"column":30},"end":{"line":65,"column":70}},"30":{"start":{"line":68,"column":2},"end":{"line":87,"column":3}},"31":{"start":{"line":69,"column":20},"end":{"line":69,"column":47}},"32":{"start":{"line":71,"column":4},"end":{"line":71,"column":33}},"33":{"start":{"line":71,"column":24},"end":{"line":71,"column":33}},"34":{"start":{"line":73,"column":4},"end":{"line":86,"column":5}},"35":{"start":{"line":74,"column":28},"end":{"line":74,"column":70}},"36":{"start":{"line":75,"column":6},"end":{"line":75,"column":39}},"37":{"start":{"line":75,"column":30},"end":{"line":75,"column":39}},"38":{"start":{"line":77,"column":19},"end":{"line":77,"column":33}},"39":{"start":{"line":78,"column":23},"end":{"line":78,"column":48}},"40":{"start":{"line":79,"column":6},"end":{"line":79,"column":34}},"41":{"start":{"line":79,"column":25},"end":{"line":79,"column":34}},"42":{"start":{"line":82,"column":6},"end":{"line":82,"column":62}},"43":{"start":{"line":83,"column":6},"end":{"line":83,"column":46}},"44":{"start":{"line":84,"column":6},"end":{"line":84,"column":47}},"45":{"start":{"line":85,"column":6},"end":{"line":85,"column":36}},"46":{"start":{"line":85,"column":30},"end":{"line":85,"column":36}},"47":{"start":{"line":90,"column":2},"end":{"line":93,"column":6}},"48":{"start":{"line":90,"column":42},"end":{"line":93,"column":4}},"49":{"start":{"line":97,"column":22},"end":{"line":102,"column":4}},"50":{"start":{"line":98,"column":4},"end":{"line":100,"column":5}},"51":{"start":{"line":99,"column":6},"end":{"line":99,"column":40}},"52":{"start":{"line":101,"column":4},"end":{"line":101,"column":16}},"53":{"start":{"line":105,"column":22},"end":{"line":110,"column":4}},"54":{"start":{"line":106,"column":4},"end":{"line":108,"column":5}},"55":{"start":{"line":107,"column":6},"end":{"line":107,"column":58}},"56":{"start":{"line":109,"column":4},"end":{"line":109,"column":16}},"57":{"start":{"line":112,"column":2},"end":{"line":112,"column":56}},"58":{"start":{"line":114,"column":2},"end":{"line":114,"column":101}},"59":{"start":{"line":114,"column":69},"end":{"line":114,"column":95}},"60":{"start":{"line":117,"column":26},"end":{"line":123,"column":4}},"61":{"start":{"line":122,"column":38},"end":{"line":122,"column":113}},"62":{"start":{"line":124,"column":2},"end":{"line":124,"column":13}},"63":{"start":{"line":128,"column":12},"end":{"line":128,"column":32}},"64":{"start":{"line":129,"column":2},"end":{"line":129,"column":31}}},"fnMap":{"0":{"name":"createPool","decl":{"start":{"line":21,"column":16},"end":{"line":21,"column":26}},"loc":{"start":{"line":21,"column":119},"end":{"line":125,"column":1}}},"1":{"name":"(anonymous_1)","decl":{"start":{"line":33,"column":43},"end":{"line":33,"column":44}},"loc":{"start":{"line":33,"column":56},"end":{"line":33,"column":124}}},"2":{"name":"(anonymous_2)","decl":{"start":{"line":34,"column":34},"end":{"line":34,"column":35}},"loc":{"start":{"line":34,"column":44},"end":{"line":34,"column":64}}},"3":{"name":"(anonymous_3)","decl":{"start":{"line":38,"column":30},"end":{"line":38,"column":31}},"loc":{"start":{"line":38,"column":38},"end":{"line":38,"column":46}}},"4":{"name":"(anonymous_4)","decl":{"start":{"line":45,"column":36},"end":{"line":45,"column":37}},"loc":{"start":{"line":45,"column":44},"end":{"line":45,"column":85}}},"5":{"name":"(anonymous_5)","decl":{"start":{"line":52,"column":12},"end":{"line":52,"column":13}},"loc":{"start":{"line":52,"column":19},"end":{"line":52,"column":39}}},"6":{"name":"(anonymous_6)","decl":{"start":{"line":53,"column":9},"end":{"line":53,"column":10}},"loc":{"start":{"line":53,"column":17},"end":{"line":53,"column":25}}},"7":{"name":"(anonymous_7)","decl":{"start":{"line":55,"column":12},"end":{"line":55,"column":13}},"loc":{"start":{"line":55,"column":19},"end":{"line":55,"column":40}}},"8":{"name":"(anonymous_8)","decl":{"start":{"line":56,"column":9},"end":{"line":56,"column":10}},"loc":{"start":{"line":56,"column":17},"end":{"line":56,"column":25}}},"9":{"name":"(anonymous_9)","decl":{"start":{"line":59,"column":17},"end":{"line":59,"column":18}},"loc":{"start":{"line":59,"column":27},"end":{"line":59,"column":62}}},"10":{"name":"(anonymous_10)","decl":{"start":{"line":61,"column":16},"end":{"line":61,"column":17}},"loc":{"start":{"line":61,"column":26},"end":{"line":61,"column":61}}},"11":{"name":"(anonymous_11)","decl":{"start":{"line":65,"column":23},"end":{"line":65,"column":24}},"loc":{"start":{"line":65,"column":30},"end":{"line":65,"column":70}}},"12":{"name":"(anonymous_12)","decl":{"start":{"line":90,"column":34},"end":{"line":90,"column":35}},"loc":{"start":{"line":90,"column":42},"end":{"line":93,"column":4}}},"13":{"name":"(anonymous_13)","decl":{"start":{"line":97,"column":41},"end":{"line":97,"column":42}},"loc":{"start":{"line":97,"column":47},"end":{"line":102,"column":3}}},"14":{"name":"(anonymous_14)","decl":{"start":{"line":105,"column":41},"end":{"line":105,"column":42}},"loc":{"start":{"line":105,"column":47},"end":{"line":110,"column":3}}},"15":{"name":"(anonymous_15)","decl":{"start":{"line":114,"column":59},"end":{"line":114,"column":60}},"loc":{"start":{"line":114,"column":69},"end":{"line":114,"column":95}}},"16":{"name":"(anonymous_16)","decl":{"start":{"line":122,"column":30},"end":{"line":122,"column":31}},"loc":{"start":{"line":122,"column":38},"end":{"line":122,"column":113}}},"17":{"name":"round","decl":{"start":{"line":127,"column":9},"end":{"line":127,"column":14}},"loc":{"start":{"line":127,"column":36},"end":{"line":130,"column":1}}}},"branchMap":{"0":{"loc":{"start":{"line":25,"column":2},"end":{"line":30,"column":3}},"type":"if","locations":[{"start":{"line":25,"column":2},"end":{"line":30,"column":3}},{"start":{"line":27,"column":9},"end":{"line":30,"column":3}}]},"1":{"loc":{"start":{"line":33,"column":92},"end":{"line":33,"column":122}},"type":"binary-expr","locations":[{"start":{"line":33,"column":92},"end":{"line":33,"column":102}},{"start":{"line":33,"column":106},"end":{"line":33,"column":122}}]},"2":{"loc":{"start":{"line":43,"column":2},"end":{"line":48,"column":3}},"type":"if","locations":[{"start":{"line":43,"column":2},"end":{"line":48,"column":3}},{"start":{},"end":{}}]},"3":{"loc":{"start":{"line":69,"column":20},"end":{"line":69,"column":47}},"type":"binary-expr","locations":[{"start":{"line":69,"column":20},"end":{"line":69,"column":42}},{"start":{"line":69,"column":46},"end":{"line":69,"column":47}}]},"4":{"loc":{"start":{"line":71,"column":4},"end":{"line":71,"column":33}},"type":"if","locations":[{"start":{"line":71,"column":4},"end":{"line":71,"column":33}},{"start":{},"end":{}}]},"5":{"loc":{"start":{"line":74,"column":28},"end":{"line":74,"column":70}},"type":"binary-expr","locations":[{"start":{"line":74,"column":28},"end":{"line":74,"column":50}},{"start":{"line":74,"column":54},"end":{"line":74,"column":70}}]},"6":{"loc":{"start":{"line":75,"column":6},"end":{"line":75,"column":39}},"type":"if","locations":[{"start":{"line":75,"column":6},"end":{"line":75,"column":39}},{"start":{},"end":{}}]},"7":{"loc":{"start":{"line":79,"column":6},"end":{"line":79,"column":34}},"type":"if","locations":[{"start":{"line":79,"column":6},"end":{"line":79,"column":34}},{"start":{},"end":{}}]},"8":{"loc":{"start":{"line":85,"column":6},"end":{"line":85,"column":36}},"type":"if","locations":[{"start":{"line":85,"column":6},"end":{"line":85,"column":36}},{"start":{},"end":{}}]},"9":{"loc":{"start":{"line":92,"column":25},"end":{"line":92,"column":67}},"type":"binary-expr","locations":[{"start":{"line":92,"column":25},"end":{"line":92,"column":47}},{"start":{"line":92,"column":51},"end":{"line":92,"column":67}}]},"10":{"loc":{"start":{"line":98,"column":4},"end":{"line":100,"column":5}},"type":"if","locations":[{"start":{"line":98,"column":4},"end":{"line":100,"column":5}},{"start":{},"end":{}}]},"11":{"loc":{"start":{"line":106,"column":4},"end":{"line":108,"column":5}},"type":"if","locations":[{"start":{"line":106,"column":4},"end":{"line":108,"column":5}},{"start":{},"end":{}}]},"12":{"loc":{"start":{"line":112,"column":15},"end":{"line":112,"column":55}},"type":"binary-expr","locations":[{"start":{"line":112,"column":15},"end":{"line":112,"column":25}},{"start":{"line":112,"column":29},"end":{"line":112,"column":40}},{"start":{"line":112,"column":44},"end":{"line":112,"column":55}}]},"13":{"loc":{"start":{"line":114,"column":23},"end":{"line":114,"column":99}},"type":"binary-expr","locations":[{"start":{"line":114,"column":23},"end":{"line":114,"column":35}},{"start":{"line":114,"column":39},"end":{"line":114,"column":99}}]},"14":{"loc":{"start":{"line":114,"column":74},"end":{"line":114,"column":94}},"type":"binary-expr","locations":[{"start":{"line":114,"column":74},"end":{"line":114,"column":89}},{"start":{"line":114,"column":93},"end":{"line":114,"column":94}}]},"15":{"loc":{"start":{"line":127,"column":26},"end":{"line":127,"column":36}},"type":"default-arg","locations":[{"start":{"line":127,"column":35},"end":{"line":127,"column":36}}]}},"s":{"0":2,"1":3,"2":3,"3":3,"4":3,"5":0,"6":0,"7":3,"8":8,"9":3,"10":8,"11":3,"12":8,"13":3,"14":1,"15":2,"16":1,"17":2,"18":6,"19":2,"20":2,"21":6,"22":4,"23":2,"24":0,"25":2,"26":2,"27":2,"28":2,"29":6,"30":2,"31":2,"32":2,"33":0,"34":2,"35":4,"36":4,"37":0,"38":4,"39":4,"40":4,"41":0,"42":4,"43":4,"44":4,"45":4,"46":1,"47":2,"48":6,"49":2,"50":6,"51":2,"52":4,"53":2,"54":6,"55":4,"56":2,"57":2,"58":2,"59":0,"60":2,"61":6,"62":2,"63":23,"64":23},"f":{"0":3,"1":8,"2":8,"3":8,"4":2,"5":6,"6":2,"7":6,"8":4,"9":0,"10":2,"11":6,"12":6,"13":6,"14":6,"15":0,"16":6,"17":23},"b":{"0":[3,0],"1":[8,0],"2":[1,2],"3":[2,0],"4":[0,2],"5":[4,0],"6":[0,4],"7":[0,4],"8":[1,3],"9":[6,0],"10":[2,4],"11":[4,2],"12":[2,2,2],"13":[2,0],"14":[0,0],"15":[23]}}
}
