{"C:\\Users\\asus\\OneDrive\\Desktop\\FuelEU Maritime\\backend\\src\\core\\application\\applyBanked.ts": {"path":"C:\\Users\\asus\\OneDrive\\Desktop\\FuelEU Maritime\\backend\\src\\core\\application\\applyBanked.ts","statementMap":{"0":{"start":{"line":9,"column":0},"end":{"line":9,"column":16}},"1":{"start":{"line":10,"column":2},"end":{"line":12,"column":3}},"2":{"start":{"line":11,"column":4},"end":{"line":11,"column":46}},"3":{"start":{"line":13,"column":2},"end":{"line":16,"column":3}},"4":{"start":{"line":15,"column":4},"end":{"line":15,"column":95}},"5":{"start":{"line":18,"column":18},"end":{"line":18,"column":59}},"6":{"start":{"line":19,"column":26},"end":{"line":19,"column":54}},"7":{"start":{"line":20,"column":28},"end":{"line":20,"column":55}},"8":{"start":{"line":22,"column":2},"end":{"line":22,"column":57}}},"fnMap":{"0":{"name":"applyBanked","decl":{"start":{"line":9,"column":16},"end":{"line":9,"column":27}},"loc":{"start":{"line":9,"column":75},"end":{"line":23,"column":1}}}},"branchMap":{"0":{"loc":{"start":{"line":10,"column":2},"end":{"line":12,"column":3}},"type":"if","locations":[{"start":{"line":10,"column":2},"end":{"line":12,"column":3}},{"start":{},"end":{}}]},"1":{"loc":{"start":{"line":10,"column":6},"end":{"line":10,"column":75}},"type":"binary-expr","locations":[{"start":{"line":10,"column":6},"end":{"line":10,"column":39}},{"start":{"line":10,"column":43},"end":{"line":10,"column":75}}]},"2":{"loc":{"start":{"line":13,"column":2},"end":{"line":16,"column":3}},"type":"if","locations":[{"start":{"line":13,"column":2},"end":{"line":16,"column":3}},{"start":{},"end":{}}]},"3":{"loc":{"start":{"line":13,"column":6},"end":{"line":13,"column":48}},"type":"binary-expr","locations":[{"start":{"line":13,"column":6},"end":{"line":13,"column":25}},{"start":{"line":13,"column":29},"end":{"line":13,"column":48}}]}},"s":{"0":1,"1":2,"2":0,"3":2,"4":0,"5":2,"6":2,"7":2,"8":2},"f":{"0":2},"b":{"0":[0,2],"1":[2,2],"2":[0,2],"3":[2,2]}}
,"C:\\Users\\asus\\OneDrive\\Desktop\\FuelEU Maritime\\backend\\src\\core\\application\\banking.ts": {"path":"C:\\Users\\asus\\OneDrive\\Desktop\\FuelEU Maritime\\backend\\src\\core\\application\\banking.ts","statementMap":{"0":{"start":{"line":15,"column":0},"end":{"line":15,"column":16}},"1":{"start":{"line":45,"column":0},"end":{"line":45,"column":16}},"2":{"start":{"line":21,"column":2},"end":{"line":21,"column":49}},"3":{"start":{"line":21,"column":15},"end":{"line":21,"column":49}},"4":{"start":{"line":22,"column":2},"end":{"line":22,"column":76}},"5":{"start":{"line":22,"column":40},"end":{"line":22,"column":76}},"6":{"start":{"line":23,"column":2},"end":{"line":25,"column":3}},"7":{"start":{"line":24,"column":4},"end":{"line":24,"column":62}},"8":{"start":{"line":27,"column":20},"end":{"line":27,"column":34}},"9":{"start":{"line":28,"column":2},"end":{"line":30,"column":3}},"10":{"start":{"line":29,"column":4},"end":{"line":29,"column":52}},"11":{"start":{"line":31,"column":2},"end":{"line":33,"column":3}},"12":{"start":{"line":32,"column":4},"end":{"line":32,"column":63}},"13":{"start":{"line":35,"column":18},"end":{"line":35,"column":55}},"14":{"start":{"line":36,"column":27},"end":{"line":36,"column":77}},"15":{"start":{"line":37,"column":2},"end":{"line":37,"column":28}},"16":{"start":{"line":50,"column":2},"end":{"line":50,"column":53}},"17":{"start":{"line":50,"column":17},"end":{"line":50,"column":53}},"18":{"start":{"line":51,"column":2},"end":{"line":53,"column":3}},"19":{"start":{"line":52,"column":4},"end":{"line":52,"column":53}},"20":{"start":{"line":54,"column":2},"end":{"line":56,"column":3}},"21":{"start":{"line":55,"column":4},"end":{"line":55,"column":44}},"22":{"start":{"line":57,"column":18},"end":{"line":57,"column":41}},"23":{"start":{"line":59,"column":2},"end":{"line":61,"column":3}},"24":{"start":{"line":60,"column":4},"end":{"line":60,"column":83}},"25":{"start":{"line":62,"column":2},"end":{"line":64,"column":3}},"26":{"start":{"line":63,"column":4},"end":{"line":63,"column":70}},"27":{"start":{"line":66,"column":18},"end":{"line":66,"column":68}},"28":{"start":{"line":67,"column":2},"end":{"line":71,"column":4}},"29":{"start":{"line":75,"column":12},"end":{"line":75,"column":32}},"30":{"start":{"line":76,"column":2},"end":{"line":76,"column":31}}},"fnMap":{"0":{"name":"bankSurplus","decl":{"start":{"line":15,"column":16},"end":{"line":15,"column":27}},"loc":{"start":{"line":19,"column":28},"end":{"line":38,"column":1}}},"1":{"name":"applyBanked","decl":{"start":{"line":45,"column":16},"end":{"line":45,"column":27}},"loc":{"start":{"line":48,"column":27},"end":{"line":72,"column":1}}},"2":{"name":"round","decl":{"start":{"line":74,"column":9},"end":{"line":74,"column":14}},"loc":{"start":{"line":74,"column":36},"end":{"line":77,"column":1}}}},"branchMap":{"0":{"loc":{"start":{"line":21,"column":2},"end":{"line":21,"column":49}},"type":"if","locations":[{"start":{"line":21,"column":2},"end":{"line":21,"column":49}},{"start":{},"end":{}}]},"1":{"loc":{"start":{"line":22,"column":2},"end":{"line":22,"column":76}},"type":"if","locations":[{"start":{"line":22,"column":2},"end":{"line":22,"column":76}},{"start":{},"end":{}}]},"2":{"loc":{"start":{"line":23,"column":2},"end":{"line":25,"column":3}},"type":"if","locations":[{"start":{"line":23,"column":2},"end":{"line":25,"column":3}},{"start":{},"end":{}}]},"3":{"loc":{"start":{"line":23,"column":6},"end":{"line":23,"column":69}},"type":"binary-expr","locations":[{"start":{"line":23,"column":6},"end":{"line":23,"column":42}},{"start":{"line":23,"column":46},"end":{"line":23,"column":69}}]},"4":{"loc":{"start":{"line":28,"column":2},"end":{"line":30,"column":3}},"type":"if","locations":[{"start":{"line":28,"column":2},"end":{"line":30,"column":3}},{"start":{},"end":{}}]},"5":{"loc":{"start":{"line":31,"column":2},"end":{"line":33,"column":3}},"type":"if","locations":[{"start":{"line":31,"column":2},"end":{"line":33,"column":3}},{"start":{},"end":{}}]},"6":{"loc":{"start":{"line":50,"column":2},"end":{"line":50,"column":53}},"type":"if","locations":[{"start":{"line":50,"column":2},"end":{"line":50,"column":53}},{"start":{},"end":{}}]},"7":{"loc":{"start":{"line":51,"column":2},"end":{"line":53,"column":3}},"type":"if","locations":[{"start":{"line":51,"column":2},"end":{"line":53,"column":3}},{"start":{},"end":{}}]},"8":{"loc":{"start":{"line":51,"column":6},"end":{"line":51,"column":70}},"type":"binary-expr","locations":[{"start":{"line":51,"column":6},"end":{"line":51,"column":43}},{"start":{"line":51,"column":47},"end":{"line":51,"column":70}}]},"9":{"loc":{"start":{"line":54,"column":2},"end":{"line":56,"column":3}},"type":"if","locations":[{"start":{"line":54,"column":2},"end":{"line":56,"column":3}},{"start":{},"end":{}}]},"10":{"loc":{"start":{"line":54,"column":6},"end":{"line":54,"column":67}},"type":"binary-expr","locations":[{"start":{"line":54,"column":6},"end":{"line":54,"column":41}},{"start":{"line":54,"column":45},"end":{"line":54,"column":67}}]},"11":{"loc":{"start":{"line":59,"column":2},"end":{"line":61,"column":3}},"type":"if","locations":[{"start":{"line":59,"column":2},"end":{"line":61,"column":3}},{"start":{},"end":{}}]},"12":{"loc":{"start":{"line":62,"column":2},"end":{"line":64,"column":3}},"type":"if","locations":[{"start":{"line":62,"column":2},"end":{"line":64,"column":3}},{"start":{},"end":{}}]},"13":{"loc":{"start":{"line":74,"column":26},"end":{"line":74,"column":36}},"type":"default-arg","locations":[{"start":{"line":74,"column":35},"end":{"line":74,"column":36}}]}},"s":{"0":1,"1":1,"2":2,"3":0,"4":2,"5":0,"6":2,"7":0,"8":2,"9":2,"10":0,"11":2,"12":1,"13":1,"14":1,"15":1,"16":0,"17":0,"18":0,"19":0,"20":0,"21":0,"22":0,"23":0,"24":0,"25":0,"26":0,"27":0,"28":0,"29":1,"30":1},"f":{"0":2,"1":0,"2":1},"b":{"0":[0,2],"1":[0,2],"2":[0,2],"3":[2,2],"4":[0,2],"5":[1,1],"6":[0,0],"7":[0,0],"8":[0,0],"9":[0,0],"10":[0,0],"11":[0,0],"12":[0,0],"13":[1]}}
,"C:\\Users\\asus\\OneDrive\\Desktop\\FuelEU Maritime\\backend\\src\\core\\application\\computeCB.ts": {"path":"C:\\Users\\asus\\OneDrive\\Desktop\\FuelEU Maritime\\backend\\src\\core\\application\\computeCB.ts","statementMap":{"0":{"start":{"line":15,"column":0},"end":{"line":15,"column":16}},"1":{"start":{"line":13,"column":13},"end":{"line":13,"column":38}},"2":{"start":{"line":14,"column":13},"end":{"line":14,"column":52}},"3":{"start":{"line":22,"column":2},"end":{"line":24,"column":3}},"4":{"start":{"line":23,"column":4},"end":{"line":23,"column":52}},"5":{"start":{"line":25,"column":2},"end":{"line":27,"column":3}},"6":{"start":{"line":26,"column":4},"end":{"line":26,"column":52}},"7":{"start":{"line":29,"column":19},"end":{"line":29,"column":48}},"8":{"start":{"line":30,"column":18},"end":{"line":30,"column":58}},"9":{"start":{"line":31,"column":19},"end":{"line":31,"column":38}},"10":{"start":{"line":32,"column":2},"end":{"line":32,"column":41}}},"fnMap":{"0":{"name":"computeCB","decl":{"start":{"line":15,"column":16},"end":{"line":15,"column":25}},"loc":{"start":{"line":18,"column":20},"end":{"line":33,"column":1}}}},"branchMap":{"0":{"loc":{"start":{"line":22,"column":2},"end":{"line":24,"column":3}},"type":"if","locations":[{"start":{"line":22,"column":2},"end":{"line":24,"column":3}},{"start":{},"end":{}}]},"1":{"loc":{"start":{"line":22,"column":6},"end":{"line":22,"column":70}},"type":"binary-expr","locations":[{"start":{"line":22,"column":6},"end":{"line":22,"column":36}},{"start":{"line":22,"column":40},"end":{"line":22,"column":70}}]},"2":{"loc":{"start":{"line":25,"column":2},"end":{"line":27,"column":3}},"type":"if","locations":[{"start":{"line":25,"column":2},"end":{"line":27,"column":3}},{"start":{},"end":{}}]},"3":{"loc":{"start":{"line":25,"column":6},"end":{"line":25,"column":53}},"type":"binary-expr","locations":[{"start":{"line":25,"column":6},"end":{"line":25,"column":34}},{"start":{"line":25,"column":38},"end":{"line":25,"column":53}}]}},"s":{"0":1,"1":1,"2":1,"3":4,"4":1,"5":3,"6":1,"7":2,"8":2,"9":2,"10":2},"f":{"0":4},"b":{"0":[1,3],"1":[4,3],"2":[1,2],"3":[3,3]}}
,"C:\\Users\\asus\\OneDrive\\Desktop\\FuelEU Maritime\\backend\\src\\core\\application\\computeComparison.ts": {"path":"C:\\Users\\asus\\OneDrive\\Desktop\\FuelEU Maritime\\backend\\src\\core\\application\\computeComparison.ts","statementMap":{"0":{"start":{"line":10,"column":0},"end":{"line":10,"column":16}},"1":{"start":{"line":16,"column":2},"end":{"line":18,"column":3}},"2":{"start":{"line":17,"column":4},"end":{"line":17,"column":76}},"3":{"start":{"line":19,"column":2},"end":{"line":21,"column":3}},"4":{"start":{"line":20,"column":4},"end":{"line":20,"column":56}},"5":{"start":{"line":23,"column":22},"end":{"line":23,"column":61}},"6":{"start":{"line":26,"column":20},"end":{"line":26,"column":36}},"7":{"start":{"line":27,"column":2},"end":{"line":27,"column":64}}},"fnMap":{},"branchMap":{"0":{"loc":{"start":{"line":16,"column":2},"end":{"line":18,"column":3}},"type":"if","locations":[{"start":{"line":16,"column":2},"end":{"line":18,"column":3}},{"start":{},"end":{}}]},"1":{"loc":{"start":{"line":16,"column":6},"end":{"line":16,"column":56}},"type":"binary-expr","locations":[{"start":{"line":16,"column":6},"end":{"line":16,"column":35}},{"start":{"line":16,"column":39},"end":{"line":16,"column":56}}]},"2":{"loc":{"start":{"line":19,"column":2},"end":{"line":21,"column":3}},"type":"if","locations":[{"start":{"line":19,"column":2},"end":{"line":21,"column":3}},{"start":{},"end":{}}]}},"s":{"0":1,"1":2,"2":1,"3":1,"4":0,"5":1,"6":1,"7":1},"f":{},"b":{"0":[1,1],"1":[2,2],"2":[0,1]}}
,"C:\\Users\\asus\\OneDrive\\Desktop\\FuelEU Maritime\\backend\\src\\core\\application\\pooling.ts": {"path":"C:\\Users\\asus\\OneDrive\\Desktop\\FuelEU Maritime\\backend\\src\\core\\application\\pooling.ts","statementMap":{"0":{"start":{"line":21,"column":0},"end":{"line":21,"column":16}},"1":{"start":{"line":23,"column":13},"end":{"line":23,"column":14}},"2":{"start":{"line":24,"column":82},"end":{"line":24,"column":84}},"3":{"start":{"line":25,"column":2},"end":{"line":30,"column":3}},"4":{"start":{"line":26,"column":4},"end":{"line":26,"column":75}},"5":{"start":{"line":28,"column":4},"end":{"line":28,"column":67}},"6":{"start":{"line":29,"column":4},"end":{"line":29,"column":81}},"7":{"start":{"line":33,"column":23},"end":{"line":33,"column":126}},"8":{"start":{"line":33,"column":56},"end":{"line":33,"column":124}},"9":{"start":{"line":34,"column":14},"end":{"line":34,"column":68}},"10":{"start":{"line":34,"column":44},"end":{"line":34,"column":64}},"11":{"start":{"line":35,"column":21},"end":{"line":41,"column":4}},"12":{"start":{"line":38,"column":38},"end":{"line":38,"column":46}},"13":{"start":{"line":43,"column":2},"end":{"line":48,"column":3}},"14":{"start":{"line":45,"column":4},"end":{"line":45,"column":88}},"15":{"start":{"line":45,"column":44},"end":{"line":45,"column":85}},"16":{"start":{"line":47,"column":4},"end":{"line":47,"column":60}},"17":{"start":{"line":51,"column":34},"end":{"line":53,"column":27}},"18":{"start":{"line":52,"column":19},"end":{"line":52,"column":39}},"19":{"start":{"line":53,"column":17},"end":{"line":53,"column":25}},"20":{"start":{"line":54,"column":33},"end":{"line":56,"column":27}},"21":{"start":{"line":55,"column":19},"end":{"line":55,"column":40}},"22":{"start":{"line":56,"column":17},"end":{"line":56,"column":25}},"23":{"start":{"line":59,"column":2},"end":{"line":59,"column":64}},"24":{"start":{"line":59,"column":27},"end":{"line":59,"column":62}},"25":{"start":{"line":61,"column":2},"end":{"line":61,"column":63}},"26":{"start":{"line":61,"column":26},"end":{"line":61,"column":61}},"27":{"start":{"line":64,"column":19},"end":{"line":64,"column":44}},"28":{"start":{"line":65,"column":2},"end":{"line":65,"column":72}},"29":{"start":{"line":65,"column":30},"end":{"line":65,"column":70}},"30":{"start":{"line":68,"column":2},"end":{"line":87,"column":3}},"31":{"start":{"line":69,"column":20},"end":{"line":69,"column":47}},"32":{"start":{"line":71,"column":4},"end":{"line":71,"column":33}},"33":{"start":{"line":71,"column":24},"end":{"line":71,"column":33}},"34":{"start":{"line":73,"column":4},"end":{"line":86,"column":5}},"35":{"start":{"line":74,"column":28},"end":{"line":74,"column":70}},"36":{"start":{"line":75,"column":6},"end":{"line":75,"column":39}},"37":{"start":{"line":75,"column":30},"end":{"line":75,"column":39}},"38":{"start":{"line":77,"column":19},"end":{"line":77,"column":33}},"39":{"start":{"line":78,"column":23},"end":{"line":78,"column":48}},"40":{"start":{"line":79,"column":6},"end":{"line":79,"column":34}},"41":{"start":{"line":79,"column":25},"end":{"line":79,"column":34}},"42":{"start":{"line":82,"column":6},"end":{"line":82,"column":62}},"43":{"start":{"line":83,"column":6},"end":{"line":83,"column":46}},"44":{"start":{"line":84,"column":6},"end":{"line":84,"column":47}},"45":{"start":{"line":85,"column":6},"end":{"line":85,"column":36}},"46":{"start":{"line":85,"column":30},"end":{"line":85,"column":36}},"47":{"start":{"line":90,"column":2},"end":{"line":93,"column":6}},"48":{"start":{"line":90,"column":42},"end":{"line":93,"column":4}},"49":{"start":{"line":97,"column":22},"end":{"line":102,"column":4}},"50":{"start":{"line":98,"column":4},"end":{"line":100,"column":5}},"51":{"start":{"line":99,"column":6},"end":{"line":99,"column":40}},"52":{"start":{"line":101,"column":4},"end":{"line":101,"column":16}},"53":{"start":{"line":105,"column":22},"end":{"line":110,"column":4}},"54":{"start":{"line":106,"column":4},"end":{"line":108,"column":5}},"55":{"start":{"line":107,"column":6},"end":{"line":107,"column":58}},"56":{"start":{"line":109,"column":4},"end":{"line":109,"column":16}},"57":{"start":{"line":112,"column":2},"end":{"line":112,"column":56}},"58":{"start":{"line":114,"column":2},"end":{"line":114,"column":101}},"59":{"start":{"line":114,"column":69},"end":{"line":114,"column":95}},"60":{"start":{"line":117,"column":26},"end":{"line":123,"column":4}},"61":{"start":{"line":122,"column":38},"end":{"line":122,"column":113}},"62":{"start":{"line":124,"column":2},"end":{"line":124,"column":13}},"63":{"start":{"line":128,"column":12},"end":{"line":128,"column":32}},"64":{"start":{"line":129,"column":2},"end":{"line":129,"column":31}}},"fnMap":{"0":{"name":"createPool","decl":{"start":{"line":21,"column":16},"end":{"line":21,"column":26}},"loc":{"start":{"line":21,"column":119},"end":{"line":125,"column":1}}},"1":{"name":"(anonymous_1)","decl":{"start":{"line":33,"column":43},"end":{"line":33,"column":44}},"loc":{"start":{"line":33,"column":56},"end":{"line":33,"column":124}}},"2":{"name":"(anonymous_2)","decl":{"start":{"line":34,"column":34},"end":{"line":34,"column":35}},"loc":{"start":{"line":34,"column":44},"end":{"line":34,"column":64}}},"3":{"name":"(anonymous_3)","decl":{"start":{"line":38,"column":30},"end":{"line":38,"column":31}},"loc":{"start":{"line":38,"column":38},"end":{"line":38,"column":46}}},"4":{"name":"(anonymous_4)","decl":{"start":{"line":45,"column":36},"end":{"line":45,"column":37}},"loc":{"start":{"line":45,"column":44},"end":{"line":45,"column":85}}},"5":{"name":"(anonymous_5)","decl":{"start":{"line":52,"column":12},"end":{"line":52,"column":13}},"loc":{"start":{"line":52,"column":19},"end":{"line":52,"column":39}}},"6":{"name":"(anonymous_6)","decl":{"start":{"line":53,"column":9},"end":{"line":53,"column":10}},"loc":{"start":{"line":53,"column":17},"end":{"line":53,"column":25}}},"7":{"name":"(anonymous_7)","decl":{"start":{"line":55,"column":12},"end":{"line":55,"column":13}},"loc":{"start":{"line":55,"column":19},"end":{"line":55,"column":40}}},"8":{"name":"(anonymous_8)","decl":{"start":{"line":56,"column":9},"end":{"line":56,"column":10}},"loc":{"start":{"line":56,"column":17},"end":{"line":56,"column":25}}},"9":{"name":"(anonymous_9)","decl":{"start":{"line":59,"column":17},"end":{"line":59,"column":18}},"loc":{"start":{"line":59,"column":27},"end":{"line":59,"column":62}}},"10":{"name":"(anonymous_10)","decl":{"start":{"line":61,"column":16},"end":{"line":61,"column":17}},"loc":{"start":{"line":61,"column":26},"end":{"line":61,"column":61}}},"11":{"name":"(anonymous_11)","decl":{"start":{"line":65,"column":23},"end":{"line":65,"column":24}},"loc":{"start":{"line":65,"column":30},"end":{"line":65,"column":70}}},"12":{"name":"(anonymous_12)","decl":{"start":{"line":90,"column":34},"end":{"line":90,"column":35}},"loc":{"start":{"line":90,"column":42},"end":{"line":93,"column":4}}},"13":{"name":"(anonymous_13)","decl":{"start":{"line":97,"column":41},"end":{"line":97,"column":42}},"loc":{"start":{"line":97,"column":47},"end":{"line":102,"column":3}}},"14":{"name":"(anonymous_14)","decl":{"start":{"line":105,"column":41},"end":{"line":105,"column":42}},"loc":{"start":{"line":105,"column":47},"end":{"line":110,"column":3}}},"15":{"name":"(anonymous_15)","decl":{"start":{"line":114,"column":59},"end":{"line":114,"column":60}},"loc":{"start":{"line":114,"column":69},"end":{"line":114,"column":95}}},"16":{"name":"(anonymous_16)","decl":{"start":{"line":122,"column":30},"end":{"line":122,"column":31}},"loc":{"start":{"line":122,"column":38},"end":{"line":122,"column":113}}},"17":{"name":"round","decl":{"start":{"line":127,"column":9},"end":{"line":127,"column":14}},"loc":{"start":{"line":127,"column":36},"end":{"line":130,"column":1}}}},"branchMap":{"0":{"loc":{"start":{"line":25,"column":2},"end":{"line":30,"column":3}},"type":"if","locations":[{"start":{"line":25,"column":2},"end":{"line":30,"column":3}},{"start":{"line":27,"column":9},"end":{"line":30,"column":3}}]},"1":{"loc":{"start":{"line":33,"column":92},"end":{"line":33,"column":122}},"type":"binary-expr","locations":[{"start":{"line":33,"column":92},"end":{"line":33,"column":102}},{"start":{"line":33,"column":106},"end":{"line":33,"column":122}}]},"2":{"loc":{"start":{"line":43,"column":2},"end":{"line":48,"column":3}},"type":"if","locations":[{"start":{"line":43,"column":2},"end":{"line":48,"column":3}},{"start":{},"end":{}}]},"3":{"loc":{"start":{"line":69,"column":20},"end":{"line":69,"column":47}},"type":"binary-expr","locations":[{"start":{"line":69,"column":20},"end":{"line":69,"column":42}},{"start":{"line":69,"column":46},"end":{"line":69,"column":47}}]},"4":{"loc":{"start":{"line":71,"column":4},"end":{"line":71,"column":33}},"type":"if","locations":[{"start":{"line":71,"column":4},"end":{"line":71,"column":33}},{"start":{},"end":{}}]},"5":{"loc":{"start":{"line":74,"column":28},"end":{"line":74,"column":70}},"type":"binary-expr","locations":[{"start":{"line":74,"column":28},"end":{"line":74,"column":50}},{"start":{"line":74,"column":54},"end":{"line":74,"column":70}}]},"6":{"loc":{"start":{"line":75,"column":6},"end":{"line":75,"column":39}},"type":"if","locations":[{"start":{"line":75,"column":6},"end":{"line":75,"column":39}},{"start":{},"end":{}}]},"7":{"loc":{"start":{"line":79,"column":6},"end":{"line":79,"column":34}},"type":"if","locations":[{"start":{"line":79,"column":6},"end":{"line":79,"column":34}},{"start":{},"end":{}}]},"8":{"loc":{"start":{"line":85,"column":6},"end":{"line":85,"column":36}},"type":"if","locations":[{"start":{"line":85,"column":6},"end":{"line":85,"column":36}},{"start":{},"end":{}}]},"9":{"loc":{"start":{"line":92,"column":25},"end":{"line":92,"column":67}},"type":"binary-expr","locations":[{"start":{"line":92,"column":25},"end":{"line":92,"column":47}},{"start":{"line":92,"column":51},"end":{"line":92,"column":67}}]},"10":{"loc":{"start":{"line":98,"column":4},"end":{"line":100,"column":5}},"type":"if","locations":[{"start":{"line":98,"column":4},"end":{"line":100,"column":5}},{"start":{},"end":{}}]},"11":{"loc":{"start":{"line":106,"column":4},"end":{"line":108,"column":5}},"type":"if","locations":[{"start":{"line":106,"column":4},"end":{"line":108,"column":5}},{"start":{},"end":{}}]},"12":{"loc":{"start":{"line":112,"column":15},"end":{"line":112,"column":55}},"type":"binary-expr","locations":[{"start":{"line":112,"column":15},"end":{"line":112,"column":25}},{"start":{"line":112,"column":29},"end":{"line":112,"column":40}},{"start":{"line":112,"column":44},"end":{"line":112,"column":55}}]},"13":{"loc":{"start":{"line":114,"column":23},"end":{"line":114,"column":99}},"type":"binary-expr","locations":[{"start":{"line":114,"column":23},"end":{"line":114,"column":35}},{"start":{"line":114,"column":39},"end":{"line":114,"column":99}}]},"14":{"loc":{"start":{"line":114,"column":74},"end":{"line":114,"column":94}},"type":"binary-expr","locations":[{"start":{"line":114,"column":74},"end":{"line":114,"column":89}},{"start":{"line":114,"column":93},"end":{"line":114,"column":94}}]},"15":{"loc":{"start":{"line":127,"column":26},"end":{"line":127,"column":36}},"type":"default-arg","locations":[{"start":{"line":127,"column":35},"end":{"line":127,"column":36}}]}},"s":{"0":1,"1":3,"2":3,"3":3,"4":3,"5":0,"6":0,"7":3,"8":8,"9":3,"10":8,"11":3,"12":8,"13":3,"14":1,"15":2,"16":1,"17":2,"18":6,"19":2,"20":2,"21":6,"22":4,"23":2,"24":0,"25":2,"26":2,"27":2,"28":2,"29":6,"30":2,"31":2,"32":2,"33":0,"34":2,"35":4,"36":4,"37":0,"38":4,"39":4,"40":4,"41":0,"42":4,"43":4,"44":4,"45":4,"46":1,"47":2,"48":6,"49":2,"50":6,"51":2,"52":4,"53":2,"54":6,"55":4,"56":2,"57":2,"58":2,"59":0,"60":2,"61":6,"62":2,"63":23,"64":23},"f":{"0":3,"1":8,"2":8,"3":8,"4":2,"5":6,"6":2,"7":6,"8":4,"9":0,"10":2,"11":6,"12":6,"13":6,"14":6,"15":0,"16":6,"17":23},"b":{"0":[3,0],"1":[8,0],"2":[1,2],"3":[2,0],"4":[0,2],"5":[4,0],"6":[0,4],"7":[0,4],"8":[1,3],"9":[6,0],"10":[2,4],"11":[4,2],"12":[2,2,2],"13":[2,0],"14":[0,0],"15":[23]}}
}
