TN:
SF:src\core\application\applyBanked.ts
FN:9,applyBanked
FNF:1
FNH:1
FNDA:2,applyBanked
DA:9,1
DA:10,2
DA:11,0
DA:13,2
DA:15,0
DA:18,2
DA:19,2
DA:20,2
DA:22,2
LF:9
LH:7
BRDA:10,0,0,0
BRDA:10,0,1,2
BRDA:10,1,0,2
BRDA:10,1,1,2
BRDA:13,2,0,0
BRDA:13,2,1,2
BRDA:13,3,0,2
BRDA:13,3,1,2
BRF:8
BRH:6
end_of_record
TN:
SF:src\core\application\banking.ts
FN:15,bankSurplus
FN:45,applyBanked
FN:74,round
FNF:3
FNH:2
FNDA:2,bankSurplus
FNDA:0,applyBanked
FNDA:1,round
DA:15,1
DA:21,2
DA:22,2
DA:23,2
DA:24,0
DA:27,2
DA:28,2
DA:29,0
DA:31,2
DA:32,1
DA:35,1
DA:36,1
DA:37,1
DA:45,1
DA:50,0
DA:51,0
DA:52,0
DA:54,0
DA:55,0
DA:57,0
DA:59,0
DA:60,0
DA:62,0
DA:63,0
DA:66,0
DA:67,0
DA:75,1
DA:76,1
LF:28
LH:14
BRDA:21,0,0,0
BRDA:21,0,1,2
BRDA:22,1,0,0
BRDA:22,1,1,2
BRDA:23,2,0,0
BRDA:23,2,1,2
BRDA:23,3,0,2
BRDA:23,3,1,2
BRDA:28,4,0,0
BRDA:28,4,1,2
BRDA:31,5,0,1
BRDA:31,5,1,1
BRDA:50,6,0,0
BRDA:50,6,1,0
BRDA:51,7,0,0
BRDA:51,7,1,0
BRDA:51,8,0,0
BRDA:51,8,1,0
BRDA:54,9,0,0
BRDA:54,9,1,0
BRDA:54,10,0,0
BRDA:54,10,1,0
BRDA:59,11,0,0
BRDA:59,11,1,0
BRDA:62,12,0,0
BRDA:62,12,1,0
BRDA:74,13,0,1
BRF:27
BRH:9
end_of_record
TN:
SF:src\core\application\computeCB.ts
FN:15,computeCB
FNF:1
FNH:1
FNDA:4,computeCB
DA:13,1
DA:14,1
DA:15,1
DA:22,4
DA:23,1
DA:25,3
DA:26,1
DA:29,2
DA:30,2
DA:31,2
DA:32,2
LF:11
LH:11
BRDA:22,0,0,1
BRDA:22,0,1,3
BRDA:22,1,0,4
BRDA:22,1,1,3
BRDA:25,2,0,1
BRDA:25,2,1,2
BRDA:25,3,0,3
BRDA:25,3,1,3
BRF:8
BRH:8
end_of_record
TN:
SF:src\core\application\computeComparison.ts
FNF:0
FNH:0
DA:10,1
DA:16,2
DA:17,1
DA:19,1
DA:20,0
DA:23,1
DA:26,1
DA:27,1
LF:8
LH:7
BRDA:16,0,0,1
BRDA:16,0,1,1
BRDA:16,1,0,2
BRDA:16,1,1,2
BRDA:19,2,0,0
BRDA:19,2,1,1
BRF:6
BRH:5
end_of_record
TN:
SF:src\core\application\pooling.ts
FN:21,createPool
FN:33,(anonymous_1)
FN:34,(anonymous_2)
FN:38,(anonymous_3)
FN:45,(anonymous_4)
FN:52,(anonymous_5)
FN:53,(anonymous_6)
FN:55,(anonymous_7)
FN:56,(anonymous_8)
FN:59,(anonymous_9)
FN:61,(anonymous_10)
FN:65,(anonymous_11)
FN:90,(anonymous_12)
FN:97,(anonymous_13)
FN:105,(anonymous_14)
FN:114,(anonymous_15)
FN:122,(anonymous_16)
FN:127,round
FNF:18
FNH:16
FNDA:3,createPool
FNDA:8,(anonymous_1)
FNDA:8,(anonymous_2)
FNDA:8,(anonymous_3)
FNDA:2,(anonymous_4)
FNDA:6,(anonymous_5)
FNDA:2,(anonymous_6)
FNDA:6,(anonymous_7)
FNDA:4,(anonymous_8)
FNDA:0,(anonymous_9)
FNDA:2,(anonymous_10)
FNDA:6,(anonymous_11)
FNDA:6,(anonymous_12)
FNDA:6,(anonymous_13)
FNDA:6,(anonymous_14)
FNDA:0,(anonymous_15)
FNDA:6,(anonymous_16)
FNDA:23,round
DA:21,1
DA:23,3
DA:24,3
DA:25,3
DA:26,3
DA:28,0
DA:29,0
DA:33,8
DA:34,8
DA:35,3
DA:38,8
DA:43,3
DA:45,2
DA:47,1
DA:51,2
DA:52,6
DA:53,2
DA:54,2
DA:55,6
DA:56,4
DA:59,2
DA:61,2
DA:64,2
DA:65,6
DA:68,2
DA:69,2
DA:71,2
DA:73,2
DA:74,4
DA:75,4
DA:77,4
DA:78,4
DA:79,4
DA:82,4
DA:83,4
DA:84,4
DA:85,4
DA:90,6
DA:97,2
DA:98,6
DA:99,2
DA:101,4
DA:105,2
DA:106,6
DA:107,4
DA:109,2
DA:112,2
DA:114,2
DA:117,2
DA:122,6
DA:124,2
DA:128,23
DA:129,23
LF:53
LH:51
BRDA:25,0,0,3
BRDA:25,0,1,0
BRDA:33,1,0,8
BRDA:33,1,1,0
BRDA:43,2,0,1
BRDA:43,2,1,2
BRDA:69,3,0,2
BRDA:69,3,1,0
BRDA:71,4,0,0
BRDA:71,4,1,2
BRDA:74,5,0,4
BRDA:74,5,1,0
BRDA:75,6,0,0
BRDA:75,6,1,4
BRDA:79,7,0,0
BRDA:79,7,1,4
BRDA:85,8,0,1
BRDA:85,8,1,3
BRDA:92,9,0,6
BRDA:92,9,1,0
BRDA:98,10,0,2
BRDA:98,10,1,4
BRDA:106,11,0,4
BRDA:106,11,1,2
BRDA:112,12,0,2
BRDA:112,12,1,2
BRDA:112,12,2,2
BRDA:114,13,0,2
BRDA:114,13,1,0
BRDA:114,14,0,0
BRDA:114,14,1,0
BRDA:127,15,0,23
BRF:32
BRH:21
end_of_record
